Log file open, 03/13/17 23:08:05
LogInit:Display: Running engine for game: Escape
LogPlatformFile: Not using cached read wrapper
LogInit:Display: RandInit(-2036482563) SRandInit(-2036482563).
LogTaskGraph: Started task graph with 5 named threads and 8 total threads with 1 sets of task threads.
LogStats: Stats thread started at 0.093056
LogInit: Using libcurl 7.47.1
LogInit:  - built for x86_64-pc-win32
LogInit:  - supports SSL with OpenSSL/1.0.2g
LogInit:  - supports HTTP deflate (compression) using libz 1.2.8
LogInit:  - other features:
LogInit:      CURL_VERSION_SSL
LogInit:      CURL_VERSION_LIBZ
LogInit:      CURL_VERSION_IPV6
LogInit:      CURL_VERSION_ASYNCHDNS
LogInit:      CURL_VERSION_LARGEFILE
LogInit:      CURL_VERSION_IDN
LogInit:  CurlRequestOptions (configurable via config and command line):
LogInit:  - bVerifyPeer = false  - Libcurl will NOT verify peer certificate
LogInit:  - bUseHttpProxy = false  - Libcurl will NOT use HTTP proxy
LogInit:  - bDontReuseConnections = false  - Libcurl will reuse connections
LogInit:  - CertBundlePath = nullptr  - Libcurl will use whatever was configured at build time.
LogInit: Build: ++UE4+Release-4.15-CL-3299760
LogInit: Engine Version: 4.15.0-3299760+++UE4+Release-4.15
LogInit: Compatible Engine Version: 4.15.0-3299760+++UE4+Release-4.15
LogInit: Net CL: 3299760
LogDevObjectVersion: Number of dev versions registered: 14
LogDevObjectVersion:   Dev-Blueprints (B0D832E4-1F89-4F0D-ACCF-7EB736FD4AA2): 8
LogDevObjectVersion:   Dev-Build (E1C64328-A22C-4D53-A36C-8E866417BD8C): 0
LogDevObjectVersion:   Dev-Core (375EC13C-06E4-48FB-B500-84F0262A717E): 2
LogDevObjectVersion:   Dev-Editor (E4B068ED-F494-42E9-A231-DA0B2E46BB41): 14
LogDevObjectVersion:   Dev-Framework (CFFC743F-43B0-4480-9391-14DF171D2073): 22
LogDevObjectVersion:   Dev-Mobile (B02B49B5-BB20-44E9-A304-32B752E40360): 0
LogDevObjectVersion:   Dev-Networking (A4E4105C-59A1-49B5-A7C5-40C4547EDFEE): 0
LogDevObjectVersion:   Dev-Online (39C831C9-5AE6-47DC-9A44-9C173E1C8E7C): 0
LogDevObjectVersion:   Dev-Physics (78F01B33-EBEA-4F98-B9B4-84EACCB95AA2): 0
LogDevObjectVersion:   Dev-Platform (6631380F-2D4D-43E0-8009-CF276956A95A): 0
LogDevObjectVersion:   Dev-Rendering (12F88B9F-8875-4AFC-A67C-D90C383ABD29): 12
LogDevObjectVersion:   Dev-Sequencer (7B5AE74C-D270-4C10-A958-57980B212A5A): 3
LogDevObjectVersion:   Dev-VR (D7296918-1DD6-4BDD-9DE2-64A83CC13884): 0
LogDevObjectVersion:   Dev-LoadTimes (C2A15278-BFE7-4AFE-6C17-90FF531DF755): 1
LogInit: Compiled (64-bit): Feb 14 2017 02:04:14
LogInit: Compiled with Visual C++: 19.00.23026.00
LogInit: Build Configuration: Development
LogInit: Branch Name: ++UE4+Release-4.15
LogInit: Command line:  
LogInit: Base directory: C:/Program Files/Epic Games/UE_4.15/Engine/Binaries/Win64/
LogInit: Installed Engine Build: 1
LogInit: Presizing for max 8388607 objects, including 0 objects not considered by GC, pre-allocating 0 bytes for permanent pool.
LogInit: Object subsystem initialized
[2017.03.14-05.08.10:575][  0]LogInit: Selected Device Profile: [Windows]
[2017.03.14-05.08.10:575][  0]LogInit: Applying CVar settings loaded from the selected device profile: [Windows]
[2017.03.14-05.08.26:562][  0]LogInit: Computer: SKYWALKER-PC
[2017.03.14-05.08.26:562][  0]LogInit: User: Skywalker
[2017.03.14-05.08.26:562][  0]LogInit: CPU Page size=65536, Cores=4
[2017.03.14-05.08.26:562][  0]LogInit: High frequency timer resolution =2.825503 MHz
[2017.03.14-05.08.26:562][  0]LogMemory: Memory total: Physical=6.2GB (7GB approx)
[2017.03.14-05.08.26:562][  0]LogMemory: Platform Memory Stats for Windows
[2017.03.14-05.08.26:562][  0]LogMemory: Process Physical Memory: 262.86 MB used, 262.86 MB peak
[2017.03.14-05.08.26:562][  0]LogMemory: Process Virtual Memory: 262.60 MB used, 262.60 MB peak
[2017.03.14-05.08.26:562][  0]LogMemory: Physical Memory: 4630.88 MB used,  1719.62 MB free, 6350.50 MB total
[2017.03.14-05.08.26:562][  0]LogMemory: Virtual Memory: 643.36 MB used,  1719.62 MB free, 134217728.00 MB total
[2017.03.14-05.08.26:703][  0]LogTextLocalizationManager: No specific translations for ('en-US') exist, so ('en') translations will be used.
[2017.03.14-05.08.43:260][  0]LogD3D11RHI: D3D11 adapters:
[2017.03.14-05.08.43:361][  0]LogD3D11RHI:    0. 'NVIDIA GeForce GT 750M' (Feature Level 11_0)
[2017.03.14-05.08.43:361][  0]LogD3D11RHI:       994/0/3175 MB DedicatedVideo/DedicatedSystem/SharedSystem, Outputs:1, VendorId:0x10de
[2017.03.14-05.08.43:413][  0]LogD3D11RHI:    1. 'Microsoft Basic Render Driver' (Feature Level 11_0)
[2017.03.14-05.08.43:413][  0]LogD3D11RHI:       0/0/3175 MB DedicatedVideo/DedicatedSystem/SharedSystem, Outputs:0, VendorId:0x1414
[2017.03.14-05.08.43:413][  0]LogD3D11RHI: Chosen D3D11 Adapter: 0
[2017.03.14-05.08.43:516][  0]LogD3D11RHI: Creating new Direct3DDevice
[2017.03.14-05.08.43:516][  0]LogD3D11RHI:     GPU DeviceId: 0xfe9 (for the marketing name, search the web for "GPU Device Id")
[2017.03.14-05.08.43:516][  0]LogWindows: EnumDisplayDevices:
[2017.03.14-05.08.43:516][  0]LogWindows:    0. 'NVIDIA GeForce GT 750M' (P:1 D:1)
[2017.03.14-05.08.43:517][  0]LogWindows:    1. 'NVIDIA GeForce GT 750M' (P:0 D:0)
[2017.03.14-05.08.43:517][  0]LogWindows:    2. 'NVIDIA GeForce GT 750M' (P:0 D:0)
[2017.03.14-05.08.43:517][  0]LogWindows: DebugString: FoundDriverCount:3 
[2017.03.14-05.08.43:517][  0]LogD3D11RHI:     Adapter Name: NVIDIA GeForce GT 750M
[2017.03.14-05.08.43:517][  0]LogD3D11RHI:   Driver Version: 376.54 (internal:21.21.13.7654, unified:376.54)
[2017.03.14-05.08.43:517][  0]LogD3D11RHI:      Driver Date: 12-29-2016
[2017.03.14-05.08.43:517][  0]LogRHI: Texture pool is 696 MB (70% of 994 MB)
[2017.03.14-05.08.43:538][  0]LogD3D11RHI:Warning: Timestamp queries are currently disabled on this hardware due to instability. Realtime GPU stats will not be available. You can override this behaviour by setting r.NVIDIATimestampWorkaround to 0
[2017.03.14-05.08.43:721][  0]LogD3D11RHI: Async texture creation enabled
[2017.03.14-05.08.44:755][  0]LogD3D11RHI: GPU Timing Frequency: 1000.000000 (Debug: 2 12)
[2017.03.14-05.08.45:082][  0]LogShaderCompilers: Guid format shader working directory is -16 characters bigger than the processId version (../../../../../../Users/Skywalker/Documents/Unreal Projects/Escape/Intermediate/Shaders/WorkingDirectory/5488/).
[2017.03.14-05.08.45:211][  0]LogShaderCompilers: Cleaned the shader compiler working directory 'C:/Users/Skywalker/AppData/Local/Temp/UnrealShaderWorkingDir/53213C394C14E535CD4145827A6E1672/'.
[2017.03.14-05.08.45:211][  0]LogShaderCompilers:Display: Using Local Shader Compiler.
[2017.03.14-05.09.25:443][  0]LogTemp:Display: Loaded TP AllDesktopTargetPlatform
[2017.03.14-05.09.25:660][  0]LogTemp:Display: Loaded TP MacClientTargetPlatform
[2017.03.14-05.09.25:804][  0]LogTemp:Display: Loaded TP MacNoEditorTargetPlatform
[2017.03.14-05.09.25:977][  0]LogTemp:Display: Loaded TP MacServerTargetPlatform
[2017.03.14-05.09.26:267][  0]LogTemp:Display: Loaded TP MacTargetPlatform
[2017.03.14-05.09.26:512][  0]LogTemp:Display: Loaded TP WindowsClientTargetPlatform
[2017.03.14-05.09.26:709][  0]LogTemp:Display: Loaded TP WindowsNoEditorTargetPlatform
[2017.03.14-05.09.27:144][  0]LogTemp:Display: Loaded TP WindowsServerTargetPlatform
[2017.03.14-05.09.27:976][  0]LogTemp:Display: Loaded TP WindowsTargetPlatform
[2017.03.14-05.09.28:345][  0]LogTemp:Display: Loaded TP AndroidTargetPlatform
[2017.03.14-05.09.29:035][  0]LogTemp:Display: Loaded TP Android_ASTCTargetPlatform
[2017.03.14-05.09.29:197][  0]LogTemp:Display: Loaded TP Android_ATCTargetPlatform
[2017.03.14-05.09.29:369][  0]LogTemp:Display: Loaded TP Android_DXTTargetPlatform
[2017.03.14-05.09.29:472][  0]LogTemp:Display: Loaded TP Android_ETC1TargetPlatform
[2017.03.14-05.09.29:676][  0]LogTemp:Display: Loaded TP Android_ETC2TargetPlatform
[2017.03.14-05.09.30:103][  0]LogTemp:Display: Loaded TP Android_MultiTargetPlatform
[2017.03.14-05.09.30:103][  0]LogTemp:Display: Loaded TP Android_PVRTCTargetPlatform
[2017.03.14-05.09.30:405][  0]LogTemp:Display: Loaded TP HTML5TargetPlatform
[2017.03.14-05.09.31:416][  0]LogTemp:Display: Loaded TP IOSTargetPlatform
[2017.03.14-05.09.31:511][  0]LogTemp:Display: Loaded TP TVOSTargetPlatform
[2017.03.14-05.09.31:664][  0]LogTemp:Display: Loaded TP LinuxClientTargetPlatform
[2017.03.14-05.09.31:822][  0]LogTemp:Display: Loaded TP LinuxNoEditorTargetPlatform
[2017.03.14-05.09.32:248][  0]LogTemp:Display: Loaded TP LinuxServerTargetPlatform
[2017.03.14-05.09.32:685][  0]LogTemp:Display: Loaded TP LinuxTargetPlatform
[2017.03.14-05.09.32:685][  0]LogTargetPlatformManager:Display: Building Assets For Windows
[2017.03.14-05.09.44:327][  0]LogDerivedDataCache:Display: Max Cache Size: 512 MB
[2017.03.14-05.09.49:745][  0]LogDerivedDataCache: Loaded boot cache 5.17s 50MB C:/Users/Skywalker/AppData/Local/UnrealEngine/4.15/DerivedDataCache/Boot.ddc.
[2017.03.14-05.09.49:745][  0]LogDerivedDataCache:Display: Loaded Boot cache: C:/Users/Skywalker/AppData/Local/UnrealEngine/4.15/DerivedDataCache/Boot.ddc
[2017.03.14-05.09.49:745][  0]LogDerivedDataCache: FDerivedDataBackendGraph:  Pak pak cache file ../../../../../../Users/Skywalker/Documents/Unreal Projects/Escape/DerivedDataCache/DDC.ddp not found, will not use a pak cache.
[2017.03.14-05.09.49:745][  0]LogDerivedDataCache: Unable to find inner node Pak for hierarchical cache Hierarchy.
[2017.03.14-05.09.49:745][  0]LogDerivedDataCache: FDerivedDataBackendGraph:  CompressedPak pak cache file ../../../../../../Users/Skywalker/Documents/Unreal Projects/Escape/DerivedDataCache/Compressed.ddp not found, will not use a pak cache.
[2017.03.14-05.09.49:745][  0]LogDerivedDataCache: Unable to find inner node CompressedPak for hierarchical cache Hierarchy.
[2017.03.14-05.09.49:907][  0]LogDerivedDataCache:Display: Pak cache opened for reading ../../../Engine/DerivedDataCache/Compressed.ddp.
[2017.03.14-05.09.49:939][  0]LogDerivedDataCache: Using Local data cache path C:/Users/Skywalker/AppData/Local/UnrealEngine/Common/DerivedDataCache: Writable
[2017.03.14-05.09.50:155][  0]LogSlate: Using Freetype 2.6.0
[2017.03.14-05.09.50:424][  0]LogSlate: SlateFontCache - WITH_FREETYPE: 1, WITH_HARFBUZZ: 1
[2017.03.14-05.09.50:424][  0]LogSlate: SlateFontCache - WITH_FREETYPE: 1, WITH_HARFBUZZ: 1
[2017.03.14-05.10.39:645][  0]LogInit: Selected Device Profile: [Windows]
[2017.03.14-05.10.39:709][  0]LogContentStreaming: Texture pool size is 0.00 MB
[2017.03.14-05.10.41:267][  0]LogMeshUtilities: Using QuadricMeshReduction for automatic static mesh reduction
[2017.03.14-05.10.41:929][  0]LogSimplygon: Simplygon DLL not present - disabling.
[2017.03.14-05.10.42:069][  0]LogMeshUtilities: Using SimplygonSwarm for distributed automatic mesh merging
[2017.03.14-05.10.42:069][  0]LogMeshUtilities: No automatic skeletal mesh reduction module available
[2017.03.14-05.10.42:069][  0]LogMeshUtilities: No automatic mesh merging module available
[2017.03.14-05.10.56:172][  0]LogNetVersion: GetLocalNetworkVersion: CL: 3299760, ProjectName: escape, ProjectVersion: , EngineNetworkVersion: 2, GameNetworkVersion: 0, NetworkChecksum: 3479341666
[2017.03.14-05.10.56:610][  0]LogAssetRegistry: FAssetRegistry took 0.0226 seconds to start up
[2017.03.14-05.10.56:826][  0]LogAssetRegistry:Error: Failed to open file for write ../../../../../../Users/Skywalker/Documents/Unreal Projects/Escape/Intermediate/AssetRegistryCache/5a627529.bin
[2017.03.14-05.10.57:039][  0]LogPackageLocalizationCache: Processed 3 localized package path(s) for 2 prioritized culture(s) in 0.315104 seconds
[2017.03.14-05.10.57:111][  0]LogUObjectArray: 32475 objects as part of root set at end of initial load.
[2017.03.14-05.10.57:111][  0]LogUObjectAllocator: 7073360 out of 0 bytes used by permanent object pool.
[2017.03.14-05.10.57:111][  0]LogUObjectArray: CloseDisregardForGC: 0/0 objects in disregard for GC pool
[2017.03.14-05.10.57:268][  0]LogInit: WinSock: version 1.1 (2.2), MaxSocks=32767, MaxUdp=65467
[2017.03.14-05.12.29:430][  0]LogTcpMessaging: Initializing TcpMessaging bridge
[2017.03.14-05.12.29:934][  0]LogUdpMessaging: Initializing bridge on interface 0.0.0.0:0 to multicast group 230.0.0.1:6666.
[2017.03.14-05.12.35:683][  0]LogConfig:Warning: Failed to saved backup for config[InternationalizationExport]
[2017.03.14-05.12.36:991][  0]LogMaterial: Uniform references updated for custom material expression Custom.
[2017.03.14-05.12.39:533][  0]LogConfig:Warning: Failed to saved backup for config[SourceControlSettings]
[2017.03.14-05.12.39:595][  0]SourceControl: Info Source control is disabled
[2017.03.14-05.12.41:304][  0]SourceControl: Info Source control is disabled
[2017.03.14-05.12.41:600][  0]SourceControl: Info Source control is disabled
[2017.03.14-05.12.41:844][  0]SourceControl: Info Source control is disabled
[2017.03.14-05.12.51:529][  0]LogEngine: Initializing Engine...
[2017.03.14-05.12.51:664][  0]LogHMD: Failed to initialize OpenVR with code 110
[2017.03.14-05.12.56:973][  0]LogAIModule: Creating AISystem for world Untitled
[2017.03.14-05.12.57:796][  0]LogInit: XAudio2 using 'Headphones (Cirrus Logic CS4206B (AB 06))' : 2 channels at 48 kHz using 32 bits per sample (channel mask 0x3)
[2017.03.14-05.12.57:984][  0]LogInit: FAudioDevice initialized.
[2017.03.14-05.12.58:030][  0]LogDerivedDataCache: Saved boot cache 0.05s 50MB C:/Users/Skywalker/AppData/Local/UnrealEngine/4.15/DerivedDataCache/Boot.ddc.
[2017.03.14-05.12.58:597][  0]LogInit: Texture streaming: Enabled
[2017.03.14-05.13.00:056][  0]LogEngineSessionManager: EngineSessionManager initialized
[2017.03.14-05.13.01:611][  0]LogInit: Transaction tracking system initialized
[2017.03.14-05.13.03:925][  0]BlueprintLog: New page: Editor Load
[2017.03.14-05.13.11:501][  0]LogConfig:Warning: Failed to saved backup for config[LocalizationServiceSettings]
[2017.03.14-05.13.11:502][  0]LocalizationService: Info Localization service is disabled
[2017.03.14-05.13.16:833][  0]LogConsoleResponse:Display: 
[2017.03.14-05.13.25:095][  0]LogFileCache: Scanning file cache for directory 'C:/Users/Skywalker/Documents/Unreal Projects/Escape/Content/' took 0.08s
[2017.03.14-05.13.25:095][  0]LogCook:Display: Max memory allowance for cook 16384mb min free memory 0mb
[2017.03.14-05.13.25:096][  0]LogCook:Display: Mobile HDR setting 1
[2017.03.14-05.13.32:242][  0]SourceControl: Info Source control is disabled
[2017.03.14-05.13.32:350][  0]Cmd: MAP LOAD FILE="../../../../../../Users/Skywalker/Documents/Unreal Projects/Escape/Content/NewMap.umap" TEMPLATE=0 SHOWPROGRESS=1 FEATURELEVEL=3
[2017.03.14-05.13.32:471][  0]LightingResults: New page: Lighting Build
[2017.03.14-05.13.33:215][  0]MapCheck: New page: Map Check
[2017.03.14-05.13.33:215][  0]LightingResults: New page: Lighting Build
[2017.03.14-05.13.43:736][  0]LogAIModule: Creating AISystem for world NewMap
[2017.03.14-05.13.46:267][  0]LogEditorServer: Finished looking for orphan Actors (0.000 secs)
[2017.03.14-05.13.46:611][  0]Cmd: MAP CHECKDEP NOCLEARLOG
[2017.03.14-05.13.46:770][  0]MapCheck: Info Map check complete: 0 Error(s), 0 Warning(s), took 145.047ms to complete.
[2017.03.14-05.13.46:815][  0]LogFileHelpers: Loading map 'NewMap' took 14.492
[2017.03.14-05.13.52:008][  0]LogCollectionManager: Loaded 0 collections in 0.002329 seconds
[2017.03.14-05.13.52:779][  0]LogFileCache: Scanning file cache for directory 'C:/Users/Skywalker/Documents/Unreal Projects/Escape/Saved/Collections/' took 0.01s
[2017.03.14-05.13.52:779][  0]LogFileCache: Scanning file cache for directory 'C:/Users/Skywalker/Documents/Unreal Projects/Escape/Content/Developers/Skywalker/Collections/' took 0.01s
[2017.03.14-05.13.52:779][  0]LogFileCache: Scanning file cache for directory 'C:/Users/Skywalker/Documents/Unreal Projects/Escape/Content/Collections/' took 0.01s
[2017.03.14-05.13.52:779][  0]LogCollectionManager: Rebuilt the GUID cache for 0 collections in 0.000008 seconds
[2017.03.14-05.13.53:042][  0]LogContentBrowser: Native class hierarchy populated in 0.1300 seconds. Added 2248 classes and 452 folders.
[2017.03.14-05.13.53:723][  0]LogStats: UGameplayTagsManager::ConstructGameplayTagTree: Construct from data asset -  0.023 s
[2017.03.14-05.13.53:724][  0]LogStats: UGameplayTagsManager::ConstructGameplayTagTree: GameplayTagTreeChangedEvent.Broadcast -  0.000 s
[2017.03.14-05.13.54:052][  0]LogContentBrowser: Native class hierarchy updated for 'WidgetCarousel' in 0.0024 seconds. Added 0 classes and 0 folders.
[2017.03.14-05.13.56:989][  0]LogContentBrowser: Native class hierarchy updated for 'AddContentDialog' in 0.0026 seconds. Added 0 classes and 0 folders.
[2017.03.14-05.13.59:734][  0]LogContentBrowser: Native class hierarchy updated for 'SceneOutliner' in 0.0025 seconds. Added 1 classes and 2 folders.
[2017.03.14-05.14.01:610][  0]LogCrashTracker: Crashtracker disabled due to settings.
[2017.03.14-05.14.02:733][  0]LogUObjectGlobals:Warning: Failed to find object 'Class None.'
[2017.03.14-05.14.03:117][  0]LogContentBrowser: Native class hierarchy updated for 'HierarchicalLODOutliner' in 0.0024 seconds. Added 1 classes and 2 folders.
[2017.03.14-05.14.03:118][  0]LogLoad: (Engine Initialization) Total time: 377.10 seconds
[2017.03.14-05.14.03:118][  0]LogLoad: (Engine Initialization) Total Blueprint compile time: 1.38 seconds
[2017.03.14-05.14.03:118][  0]LogExternalProfiler: Found external profiler: VSPerf
[2017.03.14-05.14.03:118][  0]LogExternalProfiler: Using external profiler: VSPerf
[2017.03.14-05.14.03:664][  0]LogOcInput: OculusInput pre-init called
[2017.03.14-05.14.04:987][  0]LogContentStreaming: Texture pool size now 1000 MB
[2017.03.14-05.14.05:428][  0]LogSlate: Took 0.031996 seconds to synchronously load lazily loaded font '../../../Engine/Content/Slate/Fonts/Roboto-Regular.ttf' (155K)
[2017.03.14-05.14.05:501][  0]LogSlate: Took 0.025065 seconds to synchronously load lazily loaded font '../../../Engine/Content/Slate/Fonts/Roboto-Bold.ttf' (160K)
[2017.03.14-05.14.05:527][  0]LogSlate: Took 0.024501 seconds to synchronously load lazily loaded font '../../../Engine/Content/Editor/Slate/Fonts/FontAwesome.ttf' (139K)
[2017.03.14-05.14.05:770][  0]LogSlate: Took 0.035932 seconds to synchronously load lazily loaded font '../../../Engine/Content/Editor/Slate/Fonts/DroidSansMono.ttf' (77K)
[2017.03.14-05.14.06:872][  0]LogSlate: Took 0.075579 seconds to synchronously load lazily loaded font '../../../Engine/Content/Slate/Fonts/Roboto-Light.ttf' (159K)
[2017.03.14-05.14.08:263][  0]LogRenderer: Reallocating scene render targets to support 1136x688 NumSamples 1 (Frame:2).
[2017.03.14-05.14.13:200][  3]LogAssetRegistry: Asset discovery search completed in 196.6330 seconds
[2017.03.14-05.14.13:202][  3]LogCollectionManager: Rebuilt the object cache for 0 collections in 0.000312 seconds (found 0 objects)
[2017.03.14-05.14.13:202][  3]LogCollectionManager: Fixed up redirectors for 0 collections in 0.001496 seconds (updated 0 objects)
[2017.03.14-05.14.34:116][770]LogEditorViewport: Clicking on Actor (context menu): StaticMeshActor (SM_Couch)
[2017.03.14-05.14.44:268][770]LogEditorViewport: Clicking on Actor (context menu): StaticMeshActor (SM_Couch)
[2017.03.14-05.15.15:501][417]LogTemp: Repeting last play command: Selected Viewport
[2017.03.14-05.15.15:766][417]LogPlayLevel: PlayLevel: No blueprints needed recompiling
[2017.03.14-05.15.16:091][417]PIE: New page: PIE session: NewMap (Mar 13, 2017, 5:15:15 PM)
[2017.03.14-05.15.16:200][417]LogPlayLevel: Creating play world package: /Game/UEDPIE_0_NewMap
[2017.03.14-05.15.16:687][417]LogPlayLevel: PIE: StaticDuplicateObject took: (0.487047s)
[2017.03.14-05.15.16:688][417]LogAIModule: Creating AISystem for world NewMap
[2017.03.14-05.15.16:689][417]LogPlayLevel: PIE: World Init took: (0.001134s)
[2017.03.14-05.15.16:706][417]LogPlayLevel: PIE: Created PIE world by copying editor world from /Game/NewMap.NewMap to /Game/UEDPIE_0_NewMap.NewMap (0.554095s)
[2017.03.14-05.15.18:407][417]LogInit: XAudio2 using 'Headphones (Cirrus Logic CS4206B (AB 06))' : 2 channels at 48 kHz using 32 bits per sample (channel mask 0x3)
[2017.03.14-05.15.18:413][417]LogInit: FAudioDevice initialized.
[2017.03.14-05.15.24:755][417]LogLoad: Game class is 'EscapeGameModeBase_BP_C'
[2017.03.14-05.15.26:702][417]LogWorld: Bringing World /Game/UEDPIE_0_NewMap.NewMap up for play (max tick rate 0) at 2017.03.13-23.15.26
[2017.03.14-05.15.28:259][417]LogWorld: Bringing up level for play took: 1.558758
[2017.03.14-05.15.43:310][417]LogContentBrowser: Native class hierarchy updated for 'MovieSceneCapture' in 0.0025 seconds. Added 11 classes and 0 folders.
[2017.03.14-05.15.43:905][417]LogTemp:Warning: GRABBER ACTIVATED
[2017.03.14-05.15.43:905][417]LogTemp:Warning: SM_Couch_2 is at X=420.000 Y=180.000 Z=20.000
[2017.03.14-05.15.43:906][417]LogTemp:Warning: SM_MatPreviewMesh_02_2 is at X=-330.000 Y=270.000 Z=20.000
[2017.03.14-05.15.43:953][417]PIE: Info Play in editor start time for /Game/UEDPIE_0_NewMap 28.378
[2017.03.14-05.15.57:691][167]LogWindowsTextInputMethodSystem:Display: IME system now deactivated.
[2017.03.14-05.15.57:904][168]Cmd: QUIT_EDITOR
[2017.03.14-05.15.58:609][168]LogExit: Preparing to exit.
[2017.03.14-05.15.59:312][168]LogDirectoryWatcher: A directory notification for 'C:/Users/Skywalker/Documents/Unreal Projects/Escape/Content/' was aborted.
[2017.03.14-05.15.59:418][168]LogExit: Editor shut down
[2017.03.14-05.15.59:419][168]LogExit: Transaction tracking system shut down
[2017.03.14-05.15.59:552][168]LogObj: Freed 0b from 0 cluster array pools.
[2017.03.14-05.15.59:553][168]LogExit: Object subsystem successfully closed.
[2017.03.14-05.15.59:578][168]LogD3D11RHI: Shutdown
[2017.03.14-05.15.59:578][168]LogD3D11RHI: CleanupD3DDevice
[2017.03.14-05.15.59:654][168]LogD3D11RHI: ~FD3D11DynamicRHI
[2017.03.14-05.15.59:688][168]LogModuleManager: Shutting down and abandoning module MovieSceneCapture (500)
[2017.03.14-05.15.59:688][168]LogModuleManager: Shutting down and abandoning module HierarchicalLODOutliner (498)
[2017.03.14-05.15.59:688][168]LogModuleManager: Shutting down and abandoning module CrashTracker (496)
[2017.03.14-05.15.59:688][168]LogModuleManager: Shutting down and abandoning module SceneOutliner (494)
[2017.03.14-05.15.59:688][168]LogModuleManager: Shutting down and abandoning module AddContentDialog (492)
[2017.03.14-05.15.59:688][168]LogDirectoryWatcher: A directory notification for 'C:/Program Files/Epic Games/UE_4.15/FeaturePacks/' was aborted.
[2017.03.14-05.15.59:696][168]LogModuleManager: Shutting down and abandoning module WidgetCarousel (491)
[2017.03.14-05.15.59:696][168]LogModuleManager: Shutting down and abandoning module EditorWidgets (488)
[2017.03.14-05.15.59:697][168]LogModuleManager: Shutting down and abandoning module CollectionManager (486)
[2017.03.14-05.15.59:697][168]LogDirectoryWatcher: A directory notification for 'C:/Users/Skywalker/Documents/Unreal Projects/Escape/Content/Collections/' was aborted.
[2017.03.14-05.15.59:697][168]LogDirectoryWatcher: A directory notification for 'C:/Users/Skywalker/Documents/Unreal Projects/Escape/Content/Developers/Skywalker/Collections/' was aborted.
[2017.03.14-05.15.59:697][168]LogDirectoryWatcher: A directory notification for 'C:/Users/Skywalker/Documents/Unreal Projects/Escape/Saved/Collections/' was aborted.
[2017.03.14-05.15.59:697][168]LogModuleManager: Shutting down and abandoning module StatsViewer (484)
[2017.03.14-05.15.59:697][168]LogModuleManager: Shutting down and abandoning module FoliageEdit (482)
[2017.03.14-05.15.59:697][168]LogModuleManager: Shutting down and abandoning module LandscapeEditor (480)
[2017.03.14-05.15.59:697][168]LogModuleManager: Shutting down and abandoning module SceneDepthPickerMode (478)
[2017.03.14-05.15.59:697][168]LogModuleManager: Shutting down and abandoning module ActorPickerMode (476)
[2017.03.14-05.15.59:697][168]LogModuleManager: Shutting down and abandoning module GeometryMode (474)
[2017.03.14-05.15.59:697][168]LogModuleManager: Shutting down and abandoning module TextureAlignMode (472)
[2017.03.14-05.15.59:697][168]LogModuleManager: Shutting down and abandoning module BspMode (470)
[2017.03.14-05.15.59:697][168]LogModuleManager: Shutting down and abandoning module HardwareSurvey (468)
[2017.03.14-05.15.59:697][168]LogModuleManager: Shutting down and abandoning module SequenceRecorderSections (466)
[2017.03.14-05.15.59:697][168]LogModuleManager: Shutting down and abandoning module AutomationWorker (464)
[2017.03.14-05.15.59:697][168]LogModuleManager: Shutting down and abandoning module MatineeToLevelSequence (462)
[2017.03.14-05.15.59:697][168]LogModuleManager: Shutting down and abandoning module LevelSequenceEditor (460)
[2017.03.14-05.15.59:697][168]LogModuleManager: Shutting down and abandoning module PlacementMode (459)
[2017.03.14-05.15.59:697][168]LogModuleManager: Shutting down and abandoning module WmfMediaFactory (456)
[2017.03.14-05.15.59:697][168]LogModuleManager: Shutting down and abandoning module WmfMediaEditor (454)
[2017.03.14-05.15.59:697][168]LogModuleManager: Shutting down and abandoning module MfMediaFactory (452)
[2017.03.14-05.15.59:697][168]LogModuleManager: Shutting down and abandoning module MfMediaEditor (450)
[2017.03.14-05.15.59:697][168]LogModuleManager: Shutting down and abandoning module AvfMediaFactory (448)
[2017.03.14-05.15.59:697][168]LogModuleManager: Shutting down and abandoning module AvfMediaEditor (446)
[2017.03.14-05.15.59:697][168]LogModuleManager: Shutting down and abandoning module AndroidMediaFactory (444)
[2017.03.14-05.15.59:697][168]LogModuleManager: Shutting down and abandoning module Media (443)
[2017.03.14-05.15.59:697][168]LogModuleManager: Shutting down and abandoning module AndroidMediaEditor (440)
[2017.03.14-05.15.59:697][168]LogModuleManager: Shutting down and abandoning module CharacterAI (438)
[2017.03.14-05.15.59:697][168]LogModuleManager: Shutting down and abandoning module AudioCapture (436)
[2017.03.14-05.15.59:697][168]LogModuleManager: Shutting down and abandoning module SequenceRecorder (435)
[2017.03.14-05.15.59:697][168]LogModuleManager: Shutting down and abandoning module SmartSnapping (432)
[2017.03.14-05.15.59:697][168]LogModuleManager: Shutting down and abandoning module SessionServices (430)
[2017.03.14-05.15.59:697][168]LogModuleManager: Shutting down and abandoning module ViewportSnapping (428)
[2017.03.14-05.15.59:697][168]LogModuleManager: Shutting down and abandoning module ViewportInteraction (426)
[2017.03.14-05.15.59:697][168]LogModuleManager: Shutting down and abandoning module LogVisualizer (424)
[2017.03.14-05.15.59:698][168]LogModuleManager: Shutting down and abandoning module IntroTutorials (422)
[2017.03.14-05.15.59:698][168]LogModuleManager: Shutting down and abandoning module GameProjectGeneration (421)
[2017.03.14-05.15.59:698][168]LogModuleManager: Shutting down and abandoning module EditorLiveStreaming (418)
[2017.03.14-05.15.59:698][168]LogModuleManager: Shutting down and abandoning module IOSPlatformEditor (416)
[2017.03.14-05.15.59:698][168]LogModuleManager: Shutting down and abandoning module HTML5PlatformEditor (414)
[2017.03.14-05.15.59:698][168]LogModuleManager: Shutting down and abandoning module AndroidPlatformEditor (412)
[2017.03.14-05.15.59:698][168]LogModuleManager: Shutting down and abandoning module AndroidDeviceDetection (411)
[2017.03.14-05.16.00:032][168]LogModuleManager: Shutting down and abandoning module IOSRuntimeSettings (408)
[2017.03.14-05.16.00:032][168]LogModuleManager: Shutting down and abandoning module AndroidRuntimeSettings (406)
[2017.03.14-05.16.00:032][168]LogModuleManager: Shutting down and abandoning module InputBindingEditor (404)
[2017.03.14-05.16.00:032][168]LogModuleManager: Shutting down and abandoning module NiagaraEditor (402)
[2017.03.14-05.16.00:032][168]LogModuleManager: Shutting down and abandoning module MergeActors (400)
[2017.03.14-05.16.00:032][168]LogModuleManager: Shutting down and abandoning module SizeMap (398)
[2017.03.14-05.16.00:032][168]LogModuleManager: Shutting down and abandoning module TreeMap (396)
[2017.03.14-05.16.00:032][168]LogModuleManager: Shutting down and abandoning module ReferenceViewer (394)
[2017.03.14-05.16.00:032][168]LogModuleManager: Shutting down and abandoning module LocalizationDashboard (392)
[2017.03.14-05.16.00:032][168]LogModuleManager: Shutting down and abandoning module LocalizationService (391)
[2017.03.14-05.16.00:032][168]LogModuleManager: Shutting down and abandoning module HardwareTargeting (388)
[2017.03.14-05.16.00:032][168]LogModuleManager: Shutting down and abandoning module DeviceProfileEditor (386)
[2017.03.14-05.16.00:033][168]LogModuleManager: Shutting down and abandoning module UndoHistory (384)
[2017.03.14-05.16.00:033][168]LogModuleManager: Shutting down and abandoning module UserFeedback (382)
[2017.03.14-05.16.00:033][168]LogModuleManager: Shutting down and abandoning module XmlParser (380)
[2017.03.14-05.16.00:033][168]LogModuleManager: Shutting down and abandoning module Blutility (378)
[2017.03.14-05.16.00:033][168]LogModuleManager: Shutting down and abandoning module ProjectSettingsViewer (376)
[2017.03.14-05.16.00:033][168]LogModuleManager: Shutting down and abandoning module ProjectTargetPlatformEditor (375)
[2017.03.14-05.16.00:033][168]LogModuleManager: Shutting down and abandoning module EditorSettingsViewer (372)
[2017.03.14-05.16.00:033][168]LogModuleManager: Shutting down and abandoning module SettingsEditor (370)
[2017.03.14-05.16.00:033][168]LogModuleManager: Shutting down and abandoning module ProjectLauncher (368)
[2017.03.14-05.16.00:033][168]LogModuleManager: Shutting down and abandoning module SessionFrontend (366)
[2017.03.14-05.16.00:033][168]LogModuleManager: Shutting down and abandoning module ProfilerClient (364)
[2017.03.14-05.16.00:033][168]LogModuleManager: Shutting down and abandoning module DeviceManager (362)
[2017.03.14-05.16.00:033][168]LogModuleManager: Shutting down and abandoning module TargetDeviceServices (361)
[2017.03.14-05.16.00:088][168]LogModuleManager: Shutting down and abandoning module AutomationController (358)
[2017.03.14-05.16.00:088][168]LogModuleManager: Shutting down and abandoning module AutomationWindow (356)
[2017.03.14-05.16.00:088][168]LogModuleManager: Shutting down and abandoning module Layers (354)
[2017.03.14-05.16.00:088][168]LogModuleManager: Shutting down and abandoning module ComponentVisualizers (352)
[2017.03.14-05.16.00:088][168]LogModuleManager: Shutting down and abandoning module DetailCustomizations (350)
[2017.03.14-05.16.00:088][168]LogModuleManager: Shutting down and abandoning module PackagesDialog (348)
[2017.03.14-05.16.00:088][168]LogModuleManager: Shutting down and abandoning module Persona (346)
[2017.03.14-05.16.00:088][168]LogModuleManager: Shutting down and abandoning module AnimGraph (345)
[2017.03.14-05.16.00:088][168]LogModuleManager: Shutting down and abandoning module Kismet (342)
[2017.03.14-05.16.00:090][168]LogModuleManager: Shutting down and abandoning module GraphEditor (340)
[2017.03.14-05.16.00:090][168]LogModuleManager: Shutting down and abandoning module ClassViewer (338)
[2017.03.14-05.16.00:090][168]LogModuleManager: Shutting down and abandoning module Toolbox (336)
[2017.03.14-05.16.00:090][168]LogModuleManager: Shutting down and abandoning module ModuleUI (334)
[2017.03.14-05.16.00:090][168]LogModuleManager: Shutting down and abandoning module MovieSceneTools (332)
[2017.03.14-05.16.00:090][168]LogModuleManager: Shutting down and abandoning module OutputLog (330)
[2017.03.14-05.16.00:090][168]LogModuleManager: Shutting down and abandoning module GammaUI (328)
[2017.03.14-05.16.00:090][168]LogModuleManager: Shutting down and abandoning module Documentation (326)
[2017.03.14-05.16.00:090][168]LogModuleManager: Shutting down and abandoning module Niagara (324)
[2017.03.14-05.16.00:090][168]LogModuleManager: Shutting down and abandoning module StreamingPauseRendering (322)
[2017.03.14-05.16.00:090][168]LogModuleManager: Shutting down and abandoning module AnalyticsET (320)
[2017.03.14-05.16.00:090][168]LogModuleManager: Shutting down and abandoning module PortalServices (318)
[2017.03.14-05.16.00:090][168]LogModuleManager: Shutting down and abandoning module PortalRpc (316)
[2017.03.14-05.16.00:090][168]LogModuleManager: Shutting down and abandoning module MessagingRpc (314)
[2017.03.14-05.16.00:090][168]LogModuleManager: Shutting down and abandoning module AIModule (312)
[2017.03.14-05.16.00:090][168]LogModuleManager: Shutting down and abandoning module GameplayDebugger (311)
[2017.03.14-05.16.00:090][168]LogModuleManager: Shutting down and abandoning module AITestSuite (309)
[2017.03.14-05.16.00:090][168]LogModuleManager: Shutting down and abandoning module ProfilerService (306)
[2017.03.14-05.16.00:159][168]LogModuleManager: Shutting down and abandoning module TaskGraph (304)
[2017.03.14-05.16.00:159][168]LogModuleManager: Shutting down and abandoning module SteamVRController (302)
[2017.03.14-05.16.00:159][168]LogModuleManager: Shutting down and abandoning module SteamVR (300)
[2017.03.14-05.16.00:159][168]LogModuleManager: Shutting down and abandoning module ProceduralMeshComponentEditor (298)
[2017.03.14-05.16.00:159][168]LogModuleManager: Shutting down and abandoning module ProceduralMeshComponent (296)
[2017.03.14-05.16.00:159][168]LogModuleManager: Shutting down and abandoning module OculusLibrary (294)
[2017.03.14-05.16.00:159][168]LogModuleManager: Shutting down and abandoning module OculusInput (292)
[2017.03.14-05.16.00:159][168]LogModuleManager: Shutting down and abandoning module MobilePatchingUtils (290)
[2017.03.14-05.16.00:159][168]LogModuleManager: Shutting down and abandoning module CustomMeshComponent (288)
[2017.03.14-05.16.00:159][168]LogModuleManager: Shutting down and abandoning module CableComponent (286)
[2017.03.14-05.16.00:159][168]LogModuleManager: Shutting down and abandoning module ArchVisCharacter (284)
[2017.03.14-05.16.00:159][168]LogModuleManager: Shutting down and abandoning module MediaPlayerEditor (280)
[2017.03.14-05.16.00:159][168]LogModuleManager: Shutting down and abandoning module HTML5Networking (278)
[2017.03.14-05.16.00:159][168]LogModuleManager: Shutting down and abandoning module AlembicImporter (276)
[2017.03.14-05.16.00:159][168]LogModuleManager: Shutting down and abandoning module AlembicLibrary (275)
[2017.03.14-05.16.00:160][168]LogModuleManager: Shutting down and abandoning module GeometryCache (274)
[2017.03.14-05.16.00:160][168]LogModuleManager: Shutting down and abandoning module GeometryCacheEd (273)
[2017.03.14-05.16.00:160][168]LogModuleManager: Shutting down and abandoning module SuperSearchEditor (268)
[2017.03.14-05.16.00:160][168]LogModuleManager: Shutting down and abandoning module SuperSearch (267)
[2017.03.14-05.16.00:160][168]LogModuleManager: Shutting down and abandoning module SpeedTreeImporter (264)
[2017.03.14-05.16.00:160][168]LogModuleManager: Shutting down and abandoning module PluginBrowser (262)
[2017.03.14-05.16.00:160][168]LogModuleManager: Shutting down and abandoning module MobileLauncherProfileWizard (260)
[2017.03.14-05.16.00:160][168]LogModuleManager: Shutting down and abandoning module EpicSurvey (258)
[2017.03.14-05.16.00:160][168]LogModuleManager: Shutting down and abandoning module VisualStudioSourceCodeAccess (256)
[2017.03.14-05.16.00:160][168]LogModuleManager: Shutting down and abandoning module DesktopPlatform (255)
[2017.03.14-05.16.00:160][168]LogModuleManager: Shutting down and abandoning module UObjectPlugin (252)
[2017.03.14-05.16.00:160][168]LogModuleManager: Shutting down and abandoning module SubversionSourceControl (250)
[2017.03.14-05.16.00:160][168]LogModuleManager: Shutting down and abandoning module PerforceSourceControl (248)
[2017.03.14-05.16.00:160][168]LogModuleManager: Shutting down and abandoning module GitSourceControl (246)
[2017.03.14-05.16.00:160][168]LogModuleManager: Shutting down and abandoning module SourceControl (245)
[2017.03.14-05.16.00:160][168]LogModuleManager: Shutting down and abandoning module LightPropagationVolumeEditor (242)
[2017.03.14-05.16.00:160][168]LogModuleManager: Shutting down and abandoning module PaperTiledImporter (240)
[2017.03.14-05.16.00:160][168]LogModuleManager: Shutting down and abandoning module PaperSpriteSheetImporter (238)
[2017.03.14-05.16.00:160][168]LogModuleManager: Shutting down and abandoning module Paper2DEditor (236)
[2017.03.14-05.16.00:160][168]LogModuleManager: Shutting down and abandoning module MeshPaint (235)
[2017.03.14-05.16.00:160][168]LogModuleManager: Shutting down and abandoning module LevelEditor (233)
[2017.03.14-05.16.00:161][168]LogModuleManager: Shutting down and abandoning module PixelInspectorModule (232)
[2017.03.14-05.16.00:161][168]LogModuleManager: Shutting down and abandoning module MainFrame (230)
[2017.03.14-05.16.00:161][168]LogModuleManager: Shutting down and abandoning module HotReload (229)
[2017.03.14-05.16.00:162][168]LogDirectoryWatcher: A directory notification for 'C:/Users/Skywalker/Documents/Unreal Projects/Escape/Binaries/Win64' was aborted.
[2017.03.14-05.16.00:192][168]LogModuleManager: Shutting down and abandoning module ContentBrowser (225)
[2017.03.14-05.16.00:194][168]LogModuleManager: Shutting down and abandoning module Escape (222)
[2017.03.14-05.16.00:194][168]LogModuleManager: Shutting down and abandoning module PhysXVehiclesEditor (220)
[2017.03.14-05.16.00:194][168]LogModuleManager: Shutting down and abandoning module PhysXVehicles (218)
[2017.03.14-05.16.00:194][168]LogModuleManager: Shutting down and abandoning module LocationServicesBPLibrary (216)
[2017.03.14-05.16.00:194][168]LogModuleManager: Shutting down and abandoning module UdpMessaging (214)
[2017.03.14-05.16.00:300][168]LogModuleManager: Shutting down and abandoning module TcpMessaging (212)
[2017.03.14-05.16.00:401][168]LogModuleManager: Shutting down and abandoning module GameplayTagsEditor (210)
[2017.03.14-05.16.00:401][168]LogModuleManager: Shutting down and abandoning module FacialAnimationEditor (208)
[2017.03.14-05.16.00:401][168]LogModuleManager: Shutting down and abandoning module FacialAnimation (206)
[2017.03.14-05.16.00:401][168]LogModuleManager: Shutting down and abandoning module LightPropagationVolumeRuntime (204)
[2017.03.14-05.16.00:401][168]LogModuleManager: Shutting down and abandoning module Paper2D (202)
[2017.03.14-05.16.00:401][168]LogModuleManager: Shutting down and abandoning module WindowsMoviePlayer (200)
[2017.03.14-05.16.00:401][168]LogModuleManager: Shutting down and abandoning module WmfMedia (198)
[2017.03.14-05.16.00:401][168]LogModuleManager: Shutting down and abandoning module MfMedia (196)
[2017.03.14-05.16.00:401][168]LogModuleManager: Shutting down and abandoning module MediaAssets (194)
[2017.03.14-05.16.00:401][168]LogModuleManager: Shutting down and abandoning module GameLiveStreaming (192)
[2017.03.14-05.16.00:401][168]LogModuleManager: Shutting down and abandoning module VREditor (190)
[2017.03.14-05.16.00:401][168]LogModuleManager: Shutting down and abandoning module GameplayTasksEditor (188)
[2017.03.14-05.16.00:401][168]LogModuleManager: Shutting down and abandoning module BehaviorTreeEditor (186)
[2017.03.14-05.16.00:401][168]LogModuleManager: Shutting down and abandoning module FunctionalTesting (184)
[2017.03.14-05.16.00:401][168]LogModuleManager: Shutting down and abandoning module CollisionAnalyzer (182)
[2017.03.14-05.16.00:401][168]LogModuleManager: Shutting down and abandoning module UMG (180)
[2017.03.14-05.16.00:401][168]LogModuleManager: Shutting down and abandoning module UMGEditor (179)
[2017.03.14-05.16.00:401][168]LogModuleManager: Shutting down and abandoning module Sequencer (178)
[2017.03.14-05.16.00:401][168]LogModuleManager: Shutting down and abandoning module AssetTools (176)
[2017.03.14-05.16.00:401][168]LogModuleManager: Shutting down and abandoning module MessageLog (175)
[2017.03.14-05.16.00:401][168]LogModuleManager: Shutting down and abandoning module WorkspaceMenuStructure (174)
[2017.03.14-05.16.00:402][168]LogModuleManager: Shutting down and abandoning module SlateReflector (168)
[2017.03.14-05.16.00:402][168]LogModuleManager: Shutting down and abandoning module Slate (166)
[2017.03.14-05.16.00:402][168]LogModuleManager: Shutting down and abandoning module EditorStyle (164)
[2017.03.14-05.16.00:406][168]LogModuleManager: Shutting down and abandoning module SourceCodeAccess (162)
[2017.03.14-05.16.00:406][168]LogModuleManager: Shutting down and abandoning module HeadMountedDisplay (160)
[2017.03.14-05.16.00:406][168]LogModuleManager: Shutting down and abandoning module XAudio2 (158)
[2017.03.14-05.16.00:406][168]LogModuleManager: Shutting down and abandoning module Networking (156)
[2017.03.14-05.16.00:406][168]LogModuleManager: Shutting down and abandoning module Core (152)
[2017.03.14-05.16.00:406][168]LogModuleManager: Shutting down and abandoning module AssetRegistry (150)
[2017.03.14-05.16.00:546][168]LogDirectoryWatcher: A directory notification for '../../../Engine/Content/' was aborted.
[2017.03.14-05.16.00:546][168]LogDirectoryWatcher: A directory notification for '../../../../../../Users/Skywalker/Documents/Unreal Projects/Escape/Content/' was aborted.
[2017.03.14-05.16.00:546][168]LogDirectoryWatcher: A directory notification for '../../../Engine/Plugins/2D/Paper2D/Content/' was aborted.
[2017.03.14-05.16.00:546][168]LogModuleManager: Shutting down and abandoning module DirectoryWatcher (149)
[2017.03.14-05.16.00:552][168]LogModuleManager: Shutting down and abandoning module KismetCompiler (146)
[2017.03.14-05.16.00:552][168]LogModuleManager: Shutting down and abandoning module PhysXFormats (144)
[2017.03.14-05.16.00:552][168]LogModuleManager: Shutting down and abandoning module MeshUtilities (142)
[2017.03.14-05.16.00:552][168]LogModuleManager: Shutting down and abandoning module SimplygonSwarm (141)
[2017.03.14-05.16.00:552][168]LogModuleManager: Shutting down and abandoning module SimplygonMeshReduction (139)
[2017.03.14-05.16.00:552][168]LogModuleManager: Shutting down and abandoning module QuadricMeshReduction (137)
[2017.03.14-05.16.00:552][168]LogModuleManager: Shutting down and abandoning module PropertyEditor (135)
[2017.03.14-05.16.00:552][168]LogModuleManager: Shutting down and abandoning module DerivedDataCache (132)
[2017.03.14-05.16.00:637][168]LogDerivedDataCache: Shutdown
[2017.03.14-05.16.00:637][168]LogModuleManager: Shutting down and abandoning module TargetPlatform (130)
[2017.03.14-05.16.00:637][168]LogModuleManager: Shutting down and abandoning module VulkanShaderFormat (129)
[2017.03.14-05.16.00:637][168]LogModuleManager: Shutting down and abandoning module ShaderFormatOpenGL (127)
[2017.03.14-05.16.00:637][168]LogModuleManager: Shutting down and abandoning module ShaderFormatD3D (125)
[2017.03.14-05.16.00:637][168]LogModuleManager: Shutting down and abandoning module MetalShaderFormat (123)
[2017.03.14-05.16.00:637][168]LogModuleManager: Shutting down and abandoning module TextureFormatUncompressed (121)
[2017.03.14-05.16.00:637][168]LogModuleManager: Shutting down and abandoning module TextureFormatPVR (119)
[2017.03.14-05.16.00:638][168]LogModuleManager: Shutting down and abandoning module TextureFormatDXT (117)
[2017.03.14-05.16.00:638][168]LogModuleManager: Shutting down and abandoning module TextureFormatIntelISPCTexComp (115)
[2017.03.14-05.16.00:697][168]LogModuleManager: Shutting down and abandoning module TextureFormatASTC (113)
[2017.03.14-05.16.00:697][168]LogModuleManager: Shutting down and abandoning module ImageWrapper (112)
[2017.03.14-05.16.00:697][168]LogModuleManager: Shutting down and abandoning module TextureFormatAndroid (109)
[2017.03.14-05.16.00:697][168]LogModuleManager: Shutting down and abandoning module AudioFormatOpus (107)
[2017.03.14-05.16.00:697][168]LogModuleManager: Shutting down and abandoning module AudioFormatOgg (105)
[2017.03.14-05.16.00:697][168]LogModuleManager: Shutting down and abandoning module AudioFormatADPCM (103)
[2017.03.14-05.16.00:697][168]LogModuleManager: Shutting down and abandoning module LinuxTargetPlatform (101)
[2017.03.14-05.16.00:697][168]LogModuleManager: Shutting down and abandoning module LinuxServerTargetPlatform (99)
[2017.03.14-05.16.00:697][168]LogModuleManager: Shutting down and abandoning module LinuxNoEditorTargetPlatform (97)
[2017.03.14-05.16.00:697][168]LogModuleManager: Shutting down and abandoning module LinuxClientTargetPlatform (95)
[2017.03.14-05.16.00:697][168]LogModuleManager: Shutting down and abandoning module TVOSTargetPlatform (93)
[2017.03.14-05.16.00:697][168]LogModuleManager: Shutting down and abandoning module Messaging (91)
[2017.03.14-05.16.00:697][168]LogModuleManager: Shutting down and abandoning module IOSTargetPlatform (89)
[2017.03.14-05.16.00:697][168]LogModuleManager: Shutting down and abandoning module HTML5TargetPlatform (87)
[2017.03.14-05.16.00:697][168]LogModuleManager: Shutting down and abandoning module Android_PVRTCTargetPlatform (85)
[2017.03.14-05.16.00:697][168]LogModuleManager: Shutting down and abandoning module Android_MultiTargetPlatform (83)
[2017.03.14-05.16.00:697][168]LogModuleManager: Shutting down and abandoning module Android_ETC2TargetPlatform (81)
[2017.03.14-05.16.00:697][168]LogModuleManager: Shutting down and abandoning module Android_ETC1TargetPlatform (79)
[2017.03.14-05.16.00:697][168]LogModuleManager: Shutting down and abandoning module Android_DXTTargetPlatform (77)
[2017.03.14-05.16.00:697][168]LogModuleManager: Shutting down and abandoning module Android_ATCTargetPlatform (75)
[2017.03.14-05.16.00:697][168]LogModuleManager: Shutting down and abandoning module Android_ASTCTargetPlatform (73)
[2017.03.14-05.16.00:697][168]LogModuleManager: Shutting down and abandoning module AndroidTargetPlatform (71)
[2017.03.14-05.16.00:697][168]LogModuleManager: Shutting down and abandoning module WindowsTargetPlatform (69)
[2017.03.14-05.16.00:697][168]LogModuleManager: Shutting down and abandoning module WindowsServerTargetPlatform (67)
[2017.03.14-05.16.00:697][168]LogModuleManager: Shutting down and abandoning module WindowsNoEditorTargetPlatform (65)
[2017.03.14-05.16.00:697][168]LogModuleManager: Shutting down and abandoning module WindowsClientTargetPlatform (63)
[2017.03.14-05.16.00:697][168]LogModuleManager: Shutting down and abandoning module MacTargetPlatform (61)
[2017.03.14-05.16.00:698][168]LogModuleManager: Shutting down and abandoning module MacServerTargetPlatform (59)
[2017.03.14-05.16.00:698][168]LogModuleManager: Shutting down and abandoning module MacNoEditorTargetPlatform (57)
[2017.03.14-05.16.00:698][168]LogModuleManager: Shutting down and abandoning module MacClientTargetPlatform (55)
[2017.03.14-05.16.00:698][168]LogModuleManager: Shutting down and abandoning module AllDesktopTargetPlatform (53)
[2017.03.14-05.16.00:698][168]LogModuleManager: Shutting down and abandoning module InputCore (50)
[2017.03.14-05.16.00:698][168]LogModuleManager: Shutting down and abandoning module Settings (48)
[2017.03.14-05.16.00:698][168]LogModuleManager: Shutting down and abandoning module OculusRift (46)
[2017.03.14-05.16.00:698][168]LogModuleManager: Shutting down and abandoning module ExampleDeviceProfileSelector (44)
[2017.03.14-05.16.00:698][168]LogModuleManager: Shutting down and abandoning module OnlineBlueprintSupport (42)
[2017.03.14-05.16.00:698][168]LogModuleManager: Shutting down and abandoning module OnlineSubsystem (38)
[2017.03.14-05.16.00:698][168]LogOnline:Display: Unloading online subsystem: NULL
[2017.03.14-05.16.00:698][168]LogModuleManager: Shutting down and abandoning module XMPP (37)
[2017.03.14-05.16.00:704][168]LogModuleManager: Shutting down and abandoning module HTTP (35)
[2017.03.14-05.16.00:704][168]LogHttp:Display: Http module shutting down, but needs to wait on 1 outstanding Http requests:
[2017.03.14-05.16.00:704][168]LogHttp:Display: 	verb=[POST] url=[https://datarouter.ol.epicgames.com/datarouter/api/v1/public/data?SessionID=%7BEC314F66-42F6-003F-5B46-B9A69E98998C%7D&AppID=UEEditor.Rocket.Release&AppVersion=4.15.0-3299760%2B%2B%2BUE4%2BRelease-4.15&UserID=0c725ce3414ac82d77e498a9af02ad4f%7Ce087e746e4994e6abc07a646ba1966d3%7C655344f6-bc27-463f-8202-f6c35ae5a31b&AppEnvironment=datacollector-binary&UploadType=eteventstream] status=Processing
[2017.03.14-05.16.00:728][168]LogModuleManager: Shutting down and abandoning module SSL (34)
[2017.03.14-05.16.00:729][168]LogModuleManager: Shutting down and abandoning module AudioEditor (30)
[2017.03.14-05.16.00:729][168]LogModuleManager: Shutting down and abandoning module TextureCompressor (28)
[2017.03.14-05.16.00:776][168]LogModuleManager: Shutting down and abandoning module ShaderCore (26)
[2017.03.14-05.16.00:776][168]LogModuleManager: Shutting down and abandoning module Landscape (24)
[2017.03.14-05.16.00:776][168]LogModuleManager: Shutting down and abandoning module SlateRHIRenderer (22)
[2017.03.14-05.16.00:779][168]LogModuleManager: Shutting down and abandoning module OpenGLDrv (20)
[2017.03.14-05.16.00:779][168]LogModuleManager: Shutting down and abandoning module D3D11RHI (18)
[2017.03.14-05.16.00:779][168]LogModuleManager: Shutting down and abandoning module AnimGraphRuntime (16)
[2017.03.14-05.16.00:779][168]LogModuleManager: Shutting down and abandoning module Renderer (14)
[2017.03.14-05.16.00:779][168]LogModuleManager: Shutting down and abandoning module Engine (12)
[2017.03.14-05.16.00:779][168]LogModuleManager: Shutting down and abandoning module CoreUObject (10)
[2017.03.14-05.16.00:779][168]LogModuleManager: Shutting down and abandoning module NetworkFile (8)
[2017.03.14-05.16.00:779][168]LogModuleManager: Shutting down and abandoning module StreamingFile (6)
[2017.03.14-05.16.00:780][168]LogModuleManager: Shutting down and abandoning module SandboxFile (4)
[2017.03.14-05.16.00:780][168]LogModuleManager: Shutting down and abandoning module PakFile (2)
[2017.03.14-05.16.00:782][168]LogExit: Exiting.
[2017.03.14-05.16.00:787][168]Log file closed, 03/13/17 23:16:00
