Log file open, 05/20/17 23:45:53
LogInit:Display: Running engine for game: Escape
LogPlatformFile: Not using cached read wrapper
LogInit:Display: RandInit(1761711368) SRandInit(1761711369).
LogTaskGraph: Started task graph with 5 named threads and 8 total threads with 1 sets of task threads.
LogStats: Stats thread started at 4.067562
LogInit: Using libcurl 7.47.1
LogInit:  - built for x86_64-pc-win32
LogInit:  - supports SSL with OpenSSL/1.0.2g
LogInit:  - supports HTTP deflate (compression) using libz 1.2.8
LogInit:  - other features:
LogInit:      CURL_VERSION_SSL
LogInit:      CURL_VERSION_LIBZ
LogInit:      CURL_VERSION_IPV6
LogInit:      CURL_VERSION_ASYNCHDNS
LogInit:      CURL_VERSION_LARGEFILE
LogInit:      CURL_VERSION_IDN
LogInit:  CurlRequestOptions (configurable via config and command line):
LogInit:  - bVerifyPeer = false  - Libcurl will NOT verify peer certificate
LogInit:  - bUseHttpProxy = false  - Libcurl will NOT use HTTP proxy
LogInit:  - bDontReuseConnections = false  - Libcurl will reuse connections
LogInit:  - CertBundlePath = nullptr  - Libcurl will use whatever was configured at build time.
LogInit: Build: ++UE4+Release-4.15-CL-3416026
LogInit: Engine Version: 4.15.2-3416026+++UE4+Release-4.15
LogInit: Compatible Engine Version: 4.15.0-3299760+++UE4+Release-4.15
LogInit: Net CL: 3299760
LogDevObjectVersion: Number of dev versions registered: 14
LogDevObjectVersion:   Dev-Blueprints (B0D832E4-1F89-4F0D-ACCF-7EB736FD4AA2): 8
LogDevObjectVersion:   Dev-Build (E1C64328-A22C-4D53-A36C-8E866417BD8C): 0
LogDevObjectVersion:   Dev-Core (375EC13C-06E4-48FB-B500-84F0262A717E): 2
LogDevObjectVersion:   Dev-Editor (E4B068ED-F494-42E9-A231-DA0B2E46BB41): 14
LogDevObjectVersion:   Dev-Framework (CFFC743F-43B0-4480-9391-14DF171D2073): 22
LogDevObjectVersion:   Dev-Mobile (B02B49B5-BB20-44E9-A304-32B752E40360): 0
LogDevObjectVersion:   Dev-Networking (A4E4105C-59A1-49B5-A7C5-40C4547EDFEE): 0
LogDevObjectVersion:   Dev-Online (39C831C9-5AE6-47DC-9A44-9C173E1C8E7C): 0
LogDevObjectVersion:   Dev-Physics (78F01B33-EBEA-4F98-B9B4-84EACCB95AA2): 0
LogDevObjectVersion:   Dev-Platform (6631380F-2D4D-43E0-8009-CF276956A95A): 0
LogDevObjectVersion:   Dev-Rendering (12F88B9F-8875-4AFC-A67C-D90C383ABD29): 12
LogDevObjectVersion:   Dev-Sequencer (7B5AE74C-D270-4C10-A958-57980B212A5A): 3
LogDevObjectVersion:   Dev-VR (D7296918-1DD6-4BDD-9DE2-64A83CC13884): 0
LogDevObjectVersion:   Dev-LoadTimes (C2A15278-BFE7-4AFE-6C17-90FF531DF755): 1
LogInit: Compiled (64-bit): May  1 2017 13:11:28
LogInit: Compiled with Visual C++: 19.00.23026.00
LogInit: Build Configuration: Development
LogInit: Branch Name: ++UE4+Release-4.15
LogInit: Command line:  
LogInit: Base directory: D:/Program Files/Epic Games/UE_4.15/Engine/Binaries/Win64/
LogInit: Installed Engine Build: 1
LogInit: Presizing for max 8388607 objects, including 0 objects not considered by GC, pre-allocating 0 bytes for permanent pool.
LogInit: Object subsystem initialized
[2017.05.21-04.45.57:480][  0]LogInit: Selected Device Profile: [Windows]
[2017.05.21-04.45.57:480][  0]LogInit: Applying CVar settings loaded from the selected device profile: [Windows]
[2017.05.21-04.45.57:700][  0]LogInit: Computer: DESKTOP-OR530UI
[2017.05.21-04.45.57:700][  0]LogInit: User: AudCavalier
[2017.05.21-04.45.57:700][  0]LogInit: CPU Page size=65536, Cores=4
[2017.05.21-04.45.57:700][  0]LogInit: High frequency timer resolution =2.531254 MHz
[2017.05.21-04.45.57:701][  0]LogMemory: Memory total: Physical=7.8GB (8GB approx)
[2017.05.21-04.45.57:701][  0]LogMemory: Platform Memory Stats for Windows
[2017.05.21-04.45.57:701][  0]LogMemory: Process Physical Memory: 263.32 MB used, 263.32 MB peak
[2017.05.21-04.45.57:701][  0]LogMemory: Process Virtual Memory: 262.76 MB used, 262.76 MB peak
[2017.05.21-04.45.57:701][  0]LogMemory: Physical Memory: 4566.05 MB used,  3453.73 MB free, 8019.79 MB total
[2017.05.21-04.45.57:701][  0]LogMemory: Virtual Memory: 645.09 MB used,  3453.73 MB free, 134217728.00 MB total
[2017.05.21-04.45.59:588][  0]LogTextLocalizationManager: No specific translations for ('en-US') exist, so ('en') translations will be used.
[2017.05.21-04.46.04:735][  0]LogD3D11RHI: D3D11 adapters:
[2017.05.21-04.46.05:263][  0]LogD3D11RHI:    0. 'NVIDIA GeForce GTX 960M' (Feature Level 11_0)
[2017.05.21-04.46.05:263][  0]LogD3D11RHI:       4065/0/4009 MB DedicatedVideo/DedicatedSystem/SharedSystem, Outputs:2, VendorId:0x10de
[2017.05.21-04.46.05:273][  0]LogD3D11RHI:    1. 'Intel(R) HD Graphics 530' (Feature Level 11_0)
[2017.05.21-04.46.05:273][  0]LogD3D11RHI:       128/0/4009 MB DedicatedVideo/DedicatedSystem/SharedSystem, Outputs:0, VendorId:0x8086
[2017.05.21-04.46.05:275][  0]LogD3D11RHI:    2. 'Microsoft Basic Render Driver' (Feature Level 11_0)
[2017.05.21-04.46.05:275][  0]LogD3D11RHI:       0/0/4009 MB DedicatedVideo/DedicatedSystem/SharedSystem, Outputs:0, VendorId:0x1414
[2017.05.21-04.46.05:275][  0]LogD3D11RHI: Chosen D3D11 Adapter: 0
[2017.05.21-04.46.05:281][  0]LogD3D11RHI: Creating new Direct3DDevice
[2017.05.21-04.46.05:281][  0]LogD3D11RHI:     GPU DeviceId: 0x139b (for the marketing name, search the web for "GPU Device Id")
[2017.05.21-04.46.05:281][  0]LogWindows: EnumDisplayDevices:
[2017.05.21-04.46.05:281][  0]LogWindows:    0. 'Intel(R) HD Graphics 530' (P:0 D:1)
[2017.05.21-04.46.05:282][  0]LogWindows:    1. 'Intel(R) HD Graphics 530' (P:1 D:1)
[2017.05.21-04.46.05:282][  0]LogWindows:    2. 'Intel(R) HD Graphics 530' (P:0 D:0)
[2017.05.21-04.46.05:282][  0]LogWindows: DebugString: PrimaryIsNotTheChoosenAdapter PrimaryIsNotTheChoosenAdapter PrimaryIsNotTheChoosenAdapter FoundDriverCount:0 
[2017.05.21-04.46.05:282][  0]LogD3D11RHI:     Adapter Name: NVIDIA GeForce GTX 960M
[2017.05.21-04.46.05:282][  0]LogD3D11RHI:   Driver Version: Unknown (internal:Unknown, unified:Unknown)
[2017.05.21-04.46.05:283][  0]LogD3D11RHI:      Driver Date: Unknown
[2017.05.21-04.46.05:283][  0]LogRHI: Texture pool is 1361 MB (70% of 1945 MB)
[2017.05.21-04.46.05:429][  0]LogD3D11RHI: [Aftermath] Aftermath enabled and primed
[2017.05.21-04.46.05:430][  0]LogD3D11RHI: Async texture creation enabled
[2017.05.21-04.46.05:855][  0]LogD3D11RHI: GPU Timing Frequency: 1000.000000 (Debug: 2 1)
[2017.05.21-04.46.05:978][  0]LogShaderCompilers: Guid format shader working directory is 2 characters bigger than the processId version (E:/Bootcamp stuff/DOCUMENTS/Unreal Projects/Escape/Intermediate/Shaders/WorkingDirectory/2948/).
[2017.05.21-04.46.05:978][  0]LogShaderCompilers: Cleaned the shader compiler working directory 'C:/Users/AudCavalier/AppData/Local/Temp/UnrealShaderWorkingDir/7460666E4B6027C45AB9C6A364B79874/'.
[2017.05.21-04.46.05:988][  0]LogShaderCompilers:Display: Using Local Shader Compiler.
[2017.05.21-04.46.12:959][  0]LogTemp:Display: Loaded TP AllDesktopTargetPlatform
[2017.05.21-04.46.13:181][  0]LogTemp:Display: Loaded TP MacClientTargetPlatform
[2017.05.21-04.46.13:441][  0]LogTemp:Display: Loaded TP MacNoEditorTargetPlatform
[2017.05.21-04.46.13:673][  0]LogTemp:Display: Loaded TP MacServerTargetPlatform
[2017.05.21-04.46.14:010][  0]LogTemp:Display: Loaded TP MacTargetPlatform
[2017.05.21-04.46.14:233][  0]LogTemp:Display: Loaded TP WindowsClientTargetPlatform
[2017.05.21-04.46.14:446][  0]LogTemp:Display: Loaded TP WindowsNoEditorTargetPlatform
[2017.05.21-04.46.14:659][  0]LogTemp:Display: Loaded TP WindowsServerTargetPlatform
[2017.05.21-04.46.14:988][  0]LogTemp:Display: Loaded TP WindowsTargetPlatform
[2017.05.21-04.46.15:289][  0]LogTemp:Display: Loaded TP AndroidTargetPlatform
[2017.05.21-04.46.15:527][  0]LogTemp:Display: Loaded TP Android_ASTCTargetPlatform
[2017.05.21-04.46.15:771][  0]LogTemp:Display: Loaded TP Android_ATCTargetPlatform
[2017.05.21-04.46.16:037][  0]LogTemp:Display: Loaded TP Android_DXTTargetPlatform
[2017.05.21-04.46.16:285][  0]LogTemp:Display: Loaded TP Android_ETC1TargetPlatform
[2017.05.21-04.46.16:511][  0]LogTemp:Display: Loaded TP Android_ETC2TargetPlatform
[2017.05.21-04.46.17:082][  0]LogTemp:Display: Loaded TP Android_MultiTargetPlatform
[2017.05.21-04.46.17:082][  0]LogTemp:Display: Loaded TP Android_PVRTCTargetPlatform
[2017.05.21-04.46.17:322][  0]LogTemp:Display: Loaded TP HTML5TargetPlatform
[2017.05.21-04.46.17:978][  0]LogTemp:Display: Loaded TP IOSTargetPlatform
[2017.05.21-04.46.18:186][  0]LogTemp:Display: Loaded TP TVOSTargetPlatform
[2017.05.21-04.46.18:423][  0]LogTemp:Display: Loaded TP LinuxClientTargetPlatform
[2017.05.21-04.46.18:672][  0]LogTemp:Display: Loaded TP LinuxNoEditorTargetPlatform
[2017.05.21-04.46.18:920][  0]LogTemp:Display: Loaded TP LinuxServerTargetPlatform
[2017.05.21-04.46.19:302][  0]LogTemp:Display: Loaded TP LinuxTargetPlatform
[2017.05.21-04.46.19:302][  0]LogTargetPlatformManager:Display: Building Assets For Windows
[2017.05.21-04.46.23:147][  0]LogDerivedDataCache:Display: Max Cache Size: 512 MB
[2017.05.21-04.46.23:445][  0]LogDerivedDataCache: Loaded boot cache 0.30s 50MB C:/Users/AudCavalier/AppData/Local/UnrealEngine/4.15/DerivedDataCache/Boot.ddc.
[2017.05.21-04.46.23:445][  0]LogDerivedDataCache:Display: Loaded Boot cache: C:/Users/AudCavalier/AppData/Local/UnrealEngine/4.15/DerivedDataCache/Boot.ddc
[2017.05.21-04.46.23:445][  0]LogDerivedDataCache: FDerivedDataBackendGraph:  Pak pak cache file E:/Bootcamp stuff/DOCUMENTS/Unreal Projects/Escape/DerivedDataCache/DDC.ddp not found, will not use a pak cache.
[2017.05.21-04.46.23:445][  0]LogDerivedDataCache: Unable to find inner node Pak for hierarchical cache Hierarchy.
[2017.05.21-04.46.23:445][  0]LogDerivedDataCache: FDerivedDataBackendGraph:  CompressedPak pak cache file E:/Bootcamp stuff/DOCUMENTS/Unreal Projects/Escape/DerivedDataCache/Compressed.ddp not found, will not use a pak cache.
[2017.05.21-04.46.23:445][  0]LogDerivedDataCache: Unable to find inner node CompressedPak for hierarchical cache Hierarchy.
[2017.05.21-04.46.23:535][  0]LogDerivedDataCache:Display: Pak cache opened for reading ../../../Engine/DerivedDataCache/Compressed.ddp.
[2017.05.21-04.46.23:548][  0]LogDerivedDataCache: Using Local data cache path C:/Users/AudCavalier/AppData/Local/UnrealEngine/Common/DerivedDataCache: Writable
[2017.05.21-04.46.24:154][  0]LogSlate: Using Freetype 2.6.0
[2017.05.21-04.46.24:420][  0]LogSlate: SlateFontCache - WITH_FREETYPE: 1, WITH_HARFBUZZ: 1
[2017.05.21-04.46.24:420][  0]LogSlate: SlateFontCache - WITH_FREETYPE: 1, WITH_HARFBUZZ: 1
[2017.05.21-04.46.44:003][  0]LogInit: Selected Device Profile: [Windows]
[2017.05.21-04.46.44:173][  0]LogContentStreaming: Texture pool size is 0.00 MB
[2017.05.21-04.46.46:356][  0]LogMeshUtilities: Using QuadricMeshReduction for automatic static mesh reduction
[2017.05.21-04.46.46:642][  0]LogSimplygon: Simplygon DLL not present - disabling.
[2017.05.21-04.46.46:932][  0]LogMeshUtilities: Using SimplygonSwarm for distributed automatic mesh merging
[2017.05.21-04.46.46:932][  0]LogMeshUtilities: No automatic skeletal mesh reduction module available
[2017.05.21-04.46.46:932][  0]LogMeshUtilities: No automatic mesh merging module available
[2017.05.21-04.46.57:705][  0]LogNetVersion: GetLocalNetworkVersion: CL: 3299760, ProjectName: escape, ProjectVersion: , EngineNetworkVersion: 2, GameNetworkVersion: 0, NetworkChecksum: 3479341666
[2017.05.21-04.46.58:059][  0]LogAssetRegistry: FAssetRegistry took 0.0240 seconds to start up
[2017.05.21-04.46.58:573][  0]LogPackageLocalizationCache: Processed 3 localized package path(s) for 2 prioritized culture(s) in 0.326992 seconds
[2017.05.21-04.46.58:607][  0]LogUObjectArray: 32493 objects as part of root set at end of initial load.
[2017.05.21-04.46.58:607][  0]LogUObjectAllocator: 7077032 out of 0 bytes used by permanent object pool.
[2017.05.21-04.46.58:607][  0]LogUObjectArray: CloseDisregardForGC: 0/0 objects in disregard for GC pool
[2017.05.21-04.46.59:125][  0]LogInit: WinSock: version 1.1 (2.2), MaxSocks=32767, MaxUdp=65467
[2017.05.21-04.47.49:541][  0]LogTcpMessaging: Initializing TcpMessaging bridge
[2017.05.21-04.47.49:787][  0]LogUdpMessaging: Initializing bridge on interface 0.0.0.0:0 to multicast group 230.0.0.1:6666.
[2017.05.21-04.47.53:917][  0]LogMaterial: Uniform references updated for custom material expression Custom.
[2017.05.21-04.47.56:075][  0]SourceControl: Info Source control is disabled
[2017.05.21-04.47.56:077][  0]SourceControl: Info Source control is disabled
[2017.05.21-04.47.56:374][  0]SourceControl: Info Source control is disabled
[2017.05.21-04.47.56:640][  0]SourceControl: Info Source control is disabled
[2017.05.21-04.48.04:475][  0]LogEngine: Initializing Engine...
[2017.05.21-04.48.04:544][  0]LogHMD: Failed to initialize OpenVR with code 110
[2017.05.21-04.48.04:811][  0]LogStats: UGameplayTagsManager::ConstructGameplayTagTree: Construct from data asset -  0.000 s
[2017.05.21-04.48.04:832][  0]LogStats: UGameplayTagsManager::ConstructGameplayTagTree: GameplayTagTreeChangedEvent.Broadcast -  0.019 s
[2017.05.21-04.48.06:271][  0]LogAIModule: Creating AISystem for world Untitled
[2017.05.21-04.48.06:608][  0]LogInit: XAudio2 using 'Altavoces (Realtek High Definition Audio)' : 2 channels at 48 kHz using 32 bits per sample (channel mask 0x3)
[2017.05.21-04.48.06:633][  0]LogInit: FAudioDevice initialized.
[2017.05.21-04.48.06:677][  0]LogDerivedDataCache: Saved boot cache 0.04s 50MB C:/Users/AudCavalier/AppData/Local/UnrealEngine/4.15/DerivedDataCache/Boot.ddc.
[2017.05.21-04.48.06:687][  0]LogInit: Texture streaming: Enabled
[2017.05.21-04.48.07:367][  0]LogEngineSessionManager: EngineSessionManager initialized
[2017.05.21-04.48.10:691][  0]LogInit: Transaction tracking system initialized
[2017.05.21-04.48.13:299][  0]BlueprintLog: New page: Editor Load
[2017.05.21-04.48.21:554][  0]LocalizationService: Info Localization service is disabled
[2017.05.21-04.48.26:998][  0]LogConsoleResponse:Display: 
[2017.05.21-04.48.28:452][  0]LogFileCache: Scanning file cache for directory 'E:/Bootcamp stuff/DOCUMENTS/Unreal Projects/Escape/Content/' took 0.09s
[2017.05.21-04.48.28:452][  0]LogCook:Display: Max memory allowance for cook 16384mb min free memory 0mb
[2017.05.21-04.48.28:461][  0]LogCook:Display: Mobile HDR setting 1
[2017.05.21-04.48.38:387][  0]SourceControl: Info Source control is disabled
[2017.05.21-04.48.38:469][  0]Cmd: MAP LOAD FILE="E:/Bootcamp stuff/DOCUMENTS/Unreal Projects/Escape/Content/NewMap.umap" TEMPLATE=0 SHOWPROGRESS=1 FEATURELEVEL=3
[2017.05.21-04.48.38:518][  0]LightingResults: New page: Lighting Build
[2017.05.21-04.48.39:176][  0]MapCheck: New page: Map Check
[2017.05.21-04.48.39:176][  0]LightingResults: New page: Lighting Build
[2017.05.21-04.48.42:155][  0]LogTexture:Display: Building textures: HQ_Lightmap0_1 (AutoDXT, 1024X1024) - 48 MB total VRAM
[2017.05.21-04.48.42:349][  0]LogTexture:Display: Building textures: HQ_Lightmap0_2 (AutoDXT, 64X64) - 48 MB total VRAM
[2017.05.21-04.48.42:369][  0]LogTexture:Display: Building textures: LQ_Lightmap_0_1 (DXT1, 1024X1024) - 48 MB total VRAM
[2017.05.21-04.48.42:466][  0]LogTexture:Display: Building textures: LQ_Lightmap_0_2 (DXT1, 64X64) - 48 MB total VRAM
[2017.05.21-04.48.42:470][  0]LogTexture:Display: Building textures: ShadowMapTexture2D_12 (BGRA8, 1024X256) - 48 MB total VRAM
[2017.05.21-04.48.42:484][  0]LogTexture:Display: Building textures: ShadowMapTexture2D_13 (G8, 32X32) - 48 MB total VRAM
[2017.05.21-04.48.42:496][  0]LogMaterial: Missing cached shader map for material M_MaterialSphere_Plain, compiling. 
[2017.05.21-04.48.42:518][  0]LogTemp:Display: Added material ShaderMap 0x0000024B59381980 with Material 0x0000024B59422C80 to ShaderMapsBeingCompiled
[2017.05.21-04.48.42:641][  0]LogTemp:Display: Kicking off shader compilation for M_MaterialSphere_Plain, GameThreadShaderMap 0x0000024B59381980
[2017.05.21-04.48.42:644][  0]LogMaterial: Missing cached shader map for material M_MaterialSphere, compiling. 
[2017.05.21-04.48.42:650][  0]LogTemp:Display: Added material ShaderMap 0x0000024B762F4100 with Material 0x0000024B59446200 to ShaderMapsBeingCompiled
[2017.05.21-04.48.42:677][  0]LogTemp:Display: Kicking off shader compilation for M_MaterialSphere, GameThreadShaderMap 0x0000024B762F4100
[2017.05.21-04.48.44:185][  0]LogAIModule: Creating AISystem for world NewMap
[2017.05.21-04.48.45:280][  0]LogEditorServer: Finished looking for orphan Actors (0.000 secs)
[2017.05.21-04.48.45:468][  0]Cmd: MAP CHECKDEP NOCLEARLOG
[2017.05.21-04.48.45:702][  0]MapCheck: Info Map check complete: 0 Error(s), 0 Warning(s), took 234.541ms to complete.
[2017.05.21-04.48.45:703][  0]LogFileHelpers: Loading map 'NewMap' took 7.273
[2017.05.21-04.48.49:252][  0]LogCollectionManager: Loaded 0 collections in 0.055282 seconds
[2017.05.21-04.48.49:910][  0]LogFileCache: Scanning file cache for directory 'E:/Bootcamp stuff/DOCUMENTS/Unreal Projects/Escape/Saved/Collections/' took 0.01s
[2017.05.21-04.48.49:910][  0]LogFileCache: Scanning file cache for directory 'E:/Bootcamp stuff/DOCUMENTS/Unreal Projects/Escape/Content/Developers/AudCavalier/Collections/' took 0.01s
[2017.05.21-04.48.49:910][  0]LogFileCache: Scanning file cache for directory 'E:/Bootcamp stuff/DOCUMENTS/Unreal Projects/Escape/Content/Collections/' took 0.01s
[2017.05.21-04.48.49:910][  0]LogCollectionManager: Rebuilt the GUID cache for 0 collections in 0.000003 seconds
[2017.05.21-04.48.50:056][  0]LogContentBrowser: Native class hierarchy populated in 0.1092 seconds. Added 2249 classes and 455 folders.
[2017.05.21-04.48.50:593][  0]LogContentBrowser: Native class hierarchy updated for 'WidgetCarousel' in 0.0030 seconds. Added 0 classes and 0 folders.
[2017.05.21-04.48.52:008][  0]LogContentBrowser: Native class hierarchy updated for 'AddContentDialog' in 0.0050 seconds. Added 0 classes and 0 folders.
[2017.05.21-04.48.52:384][  0]LogContentBrowser: Native class hierarchy updated for 'SceneOutliner' in 0.0026 seconds. Added 1 classes and 2 folders.
[2017.05.21-04.48.54:708][  0]LogCrashTracker: Crashtracker disabled due to settings.
[2017.05.21-04.48.55:183][  0]LogUObjectGlobals:Warning: Failed to find object 'Class None.'
[2017.05.21-04.48.55:757][  0]LogContentBrowser: Native class hierarchy updated for 'HierarchicalLODOutliner' in 0.0055 seconds. Added 1 classes and 2 folders.
[2017.05.21-04.48.55:757][  0]LogLoad: (Engine Initialization) Total time: 195.28 seconds
[2017.05.21-04.48.55:757][  0]LogLoad: (Engine Initialization) Total Blueprint compile time: 1.53 seconds
[2017.05.21-04.48.55:757][  0]LogExternalProfiler: No external profilers were discovered.  External profiling features will not be available.
[2017.05.21-04.48.56:192][  0]LogOcInput: OculusInput pre-init called
[2017.05.21-04.48.56:668][  0]LogTemp:Display: Finished compile of shader map 0x0000024B59381980
[2017.05.21-04.48.56:668][  0]LogTemp:Display: Shader map M_MaterialSphere_Plain complete, GameThreadShaderMap 0x0000024B59381980, marking material M_MaterialSphere_Plain as finished
[2017.05.21-04.48.56:668][  0]LogTemp:Display: Marking material as finished 0x0000024B59422C80
[2017.05.21-04.48.56:714][  0]LogTemp:Display: Finished compile of shader map 0x0000024B762F4100
[2017.05.21-04.48.56:714][  0]LogTemp:Display: Shader map M_MaterialSphere complete, GameThreadShaderMap 0x0000024B762F4100, marking material M_MaterialSphere as finished
[2017.05.21-04.48.56:714][  0]LogTemp:Display: Marking material as finished 0x0000024B59446200
[2017.05.21-04.48.57:412][  0]LogContentStreaming: Texture pool size now 1000 MB
[2017.05.21-04.48.57:676][  0]LogSlate: Took 0.015786 seconds to synchronously load lazily loaded font '../../../Engine/Content/Slate/Fonts/Roboto-Regular.ttf' (155K)
[2017.05.21-04.48.57:737][  0]LogSlate: Took 0.014526 seconds to synchronously load lazily loaded font '../../../Engine/Content/Slate/Fonts/Roboto-Bold.ttf' (160K)
[2017.05.21-04.48.57:831][  0]LogSlate: Took 0.019969 seconds to synchronously load lazily loaded font '../../../Engine/Content/Editor/Slate/Fonts/FontAwesome.ttf' (139K)
[2017.05.21-04.48.58:781][  0]LogRenderer: Reallocating scene render targets to support 1208x580 NumSamples 1 (Frame:2).
[2017.05.21-04.48.59:942][  0]LogSlate: Took 0.012781 seconds to synchronously load lazily loaded font '../../../Engine/Content/Slate/Fonts/Roboto-Light.ttf' (159K)
[2017.05.21-04.49.02:350][  5]LogAssetRegistry: Asset discovery search completed in 124.3143 seconds
[2017.05.21-04.49.02:459][  5]LogCollectionManager: Rebuilt the object cache for 0 collections in 0.108650 seconds (found 0 objects)
[2017.05.21-04.49.02:459][  5]LogCollectionManager: Fixed up redirectors for 0 collections in 0.108931 seconds (updated 0 objects)
[2017.05.21-04.49.06:533][ 89]LogTemp: Repeting last play command: Selected Viewport
[2017.05.21-04.49.06:655][ 89]LogPlayLevel: PlayLevel: No blueprints needed recompiling
[2017.05.21-04.49.06:784][ 89]PIE: New page: PIE session: NewMap (May 20, 2017, 6:49:06 PM)
[2017.05.21-04.49.06:834][ 89]LogPlayLevel: Creating play world package: /Game/UEDPIE_0_NewMap
[2017.05.21-04.49.06:942][ 89]LogPlayLevel: PIE: StaticDuplicateObject took: (0.107626s)
[2017.05.21-04.49.06:943][ 89]LogAIModule: Creating AISystem for world NewMap
[2017.05.21-04.49.06:961][ 89]LogPlayLevel: PIE: World Init took: (0.018557s)
[2017.05.21-04.49.06:978][ 89]LogPlayLevel: PIE: Created PIE world by copying editor world from /Game/NewMap.NewMap to /Game/UEDPIE_0_NewMap.NewMap (0.160843s)
[2017.05.21-04.49.07:129][ 89]LogInit: XAudio2 using 'Altavoces (Realtek High Definition Audio)' : 2 channels at 48 kHz using 32 bits per sample (channel mask 0x3)
[2017.05.21-04.49.07:139][ 89]LogInit: FAudioDevice initialized.
[2017.05.21-04.49.07:571][ 89]LogLoad: Game class is 'EscapeGameModeBase_BP_C'
[2017.05.21-04.49.07:766][ 89]LogWorld: Bringing World /Game/UEDPIE_0_NewMap.NewMap up for play (max tick rate 60) at 2017.05.20-23.49.07
[2017.05.21-04.49.07:887][ 89]LogWorld: Bringing up level for play took: 0.138582
[2017.05.21-04.49.08:407][ 89]LogContentBrowser: Native class hierarchy updated for 'MovieSceneCapture' in 0.0033 seconds. Added 11 classes and 0 folders.
[2017.05.21-04.49.08:550][ 89]LogTemp:Warning: GRABBER ACTIVATED
[2017.05.21-04.49.08:550][ 89]LogTemp:Warning: SM_Couch_2 is at X=420.000 Y=180.000 Z=20.000
[2017.05.21-04.49.08:550][ 89]LogTemp:Warning: SM_MatPreviewMesh_02_2 is at X=-330.000 Y=270.000 Z=20.000
[2017.05.21-04.49.08:578][ 89]PIE: Info Play in editor start time for /Game/UEDPIE_0_NewMap 2.524
[2017.05.21-04.49.12:432][216]LogTemp:Warning: Collision: SM_MatPreviewMesh_02_2
[2017.05.21-04.49.12:520][217]LogTemp:Warning: Collision: SM_MatPreviewMesh_02_2
[2017.05.21-04.49.12:529][218]LogTemp:Warning: Collision: SM_MatPreviewMesh_02_2
[2017.05.21-04.49.12:557][219]LogTemp:Warning: Collision: SM_MatPreviewMesh_02_2
[2017.05.21-04.49.12:574][220]LogTemp:Warning: Collision: SM_MatPreviewMesh_02_2
[2017.05.21-04.49.12:591][221]LogTemp:Warning: Collision: SM_MatPreviewMesh_02_2
[2017.05.21-04.49.12:609][222]LogTemp:Warning: Collision: SM_MatPreviewMesh_02_2
[2017.05.21-04.49.12:626][223]LogTemp:Warning: Collision: SM_MatPreviewMesh_02_2
[2017.05.21-04.49.12:647][224]LogTemp:Warning: Collision: SM_MatPreviewMesh_02_2
[2017.05.21-04.49.12:663][225]LogTemp:Warning: Collision: SM_MatPreviewMesh_02_2
[2017.05.21-04.49.12:683][226]LogTemp:Warning: Collision: SM_MatPreviewMesh_02_2
[2017.05.21-04.49.12:699][227]LogTemp:Warning: Collision: SM_MatPreviewMesh_02_2
[2017.05.21-04.49.12:719][228]LogTemp:Warning: Collision: SM_MatPreviewMesh_02_2
[2017.05.21-04.49.12:738][229]LogTemp:Warning: Collision: SM_MatPreviewMesh_02_2
[2017.05.21-04.49.12:756][230]LogTemp:Warning: Collision: SM_MatPreviewMesh_02_2
[2017.05.21-04.49.12:774][231]LogTemp:Warning: Collision: SM_MatPreviewMesh_02_2
[2017.05.21-04.49.12:789][232]LogTemp:Warning: Collision: SM_MatPreviewMesh_02_2
[2017.05.21-04.49.12:806][233]LogTemp:Warning: Collision: SM_MatPreviewMesh_02_2
[2017.05.21-04.49.12:823][234]LogTemp:Warning: Collision: SM_MatPreviewMesh_02_2
[2017.05.21-04.49.12:840][235]LogTemp:Warning: Collision: SM_MatPreviewMesh_02_2
[2017.05.21-04.49.12:856][236]LogTemp:Warning: Collision: SM_MatPreviewMesh_02_2
[2017.05.21-04.49.12:876][237]LogTemp:Warning: Collision: SM_MatPreviewMesh_02_2
[2017.05.21-04.49.12:891][238]LogTemp:Warning: Collision: SM_MatPreviewMesh_02_2
[2017.05.21-04.49.12:909][239]LogTemp:Warning: Collision: SM_MatPreviewMesh_02_2
[2017.05.21-04.49.12:925][240]LogTemp:Warning: Collision: SM_MatPreviewMesh_02_2
[2017.05.21-04.49.12:948][241]LogTemp:Warning: Collision: SM_MatPreviewMesh_02_2
[2017.05.21-04.49.12:965][242]LogTemp:Warning: Collision: SM_MatPreviewMesh_02_2
[2017.05.21-04.49.12:987][243]LogTemp:Warning: Collision: SM_MatPreviewMesh_02_2
[2017.05.21-04.49.13:005][244]LogTemp:Warning: Collision: SM_MatPreviewMesh_02_2
[2017.05.21-04.49.13:022][245]LogTemp:Warning: Collision: SM_MatPreviewMesh_02_2
[2017.05.21-04.49.13:046][246]LogTemp:Warning: Collision: SM_MatPreviewMesh_02_2
[2017.05.21-04.49.13:065][247]LogTemp:Warning: Collision: SM_MatPreviewMesh_02_2
[2017.05.21-04.49.13:102][248]LogTemp:Warning: Collision: SM_MatPreviewMesh_02_2
[2017.05.21-04.49.16:991][416]LogSynthBenchmark:Display: FSynthBenchmark (V0.95):  requested WorkScale=5.00
[2017.05.21-04.49.16:991][416]LogSynthBenchmark:Display: ===============
[2017.05.21-04.49.16:991][416]LogSynthBenchmark:Display: Main Processor:
[2017.05.21-04.49.17:251][416]LogSynthBenchmark:Display:          ... 0.026834 s/Run 'RayIntersect'
[2017.05.21-04.49.17:251][416]LogSynthBenchmark:Display:          ... 0.025172 s/Run 'Fractal'
[2017.05.21-04.49.17:251][416]LogSynthBenchmark:Display: 
[2017.05.21-04.49.17:251][416]LogSynthBenchmark:Display:   CompiledTarget_x_Bits: 64
[2017.05.21-04.49.17:251][416]LogSynthBenchmark:Display:   UE_BUILD_SHIPPING: 0
[2017.05.21-04.49.17:251][416]LogSynthBenchmark:Display:   UE_BUILD_TEST: 0
[2017.05.21-04.49.17:251][416]LogSynthBenchmark:Display:   UE_BUILD_DEBUG: 0
[2017.05.21-04.49.17:251][416]LogSynthBenchmark:Display:   TotalPhysicalGBRam: 8
[2017.05.21-04.49.17:251][416]LogSynthBenchmark:Display:   NumberOfCores (physical): 4
[2017.05.21-04.49.17:251][416]LogSynthBenchmark:Display:   NumberOfCores (logical): 8
[2017.05.21-04.49.17:251][416]LogSynthBenchmark:Display:   CPU Perf Index 0: 95.4 (weight 1.00)
[2017.05.21-04.49.17:251][416]LogSynthBenchmark:Display:   CPU Perf Index 1: 113.6 (weight 1.50)
[2017.05.21-04.49.17:251][416]LogSynthBenchmark:Display:  
[2017.05.21-04.49.17:251][416]LogSynthBenchmark:Display: Graphics:
[2017.05.21-04.49.17:251][416]LogSynthBenchmark:Display:   Adapter Name: 'NVIDIA GeForce GTX 960M'
[2017.05.21-04.49.17:251][416]LogSynthBenchmark:Display:   (On Optimus the name might be wrong, memory should be ok)
[2017.05.21-04.49.17:251][416]LogSynthBenchmark:Display:   Vendor Id: 0x10DE
[2017.05.21-04.49.17:251][416]LogSynthBenchmark:Display:   Device Id: 0x139B
[2017.05.21-04.49.17:251][416]LogSynthBenchmark:Display:   Device Revision: 0xA2
[2017.05.21-04.49.17:251][416]LogSynthBenchmark:Display:   GPU Memory: 4066/0/4010 MB
[2017.05.21-04.49.17:427][416]LogSynthBenchmark:Display:   GPU first test: 0.05s
[2017.05.21-04.49.17:427][416]LogSynthBenchmark:Display:          ... 0.281 s/GigaPix, Confidence=100% 'ALUHeavyNoise' (likely to be very inaccurate)
[2017.05.21-04.49.17:427][416]LogSynthBenchmark:Display:          ... 0.253 s/GigaPix, Confidence=100% 'TexHeavy' (likely to be very inaccurate)
[2017.05.21-04.49.17:427][416]LogSynthBenchmark:Display:          ... 0.199 s/GigaPix, Confidence=100% 'DepTexHeavy' (likely to be very inaccurate)
[2017.05.21-04.49.17:427][416]LogSynthBenchmark:Display:          ... 0.884 s/GigaPix, Confidence=100% 'FillOnly' (likely to be very inaccurate)
[2017.05.21-04.49.17:427][416]LogSynthBenchmark:Display:          ... 0.048 s/GigaPix, Confidence=100% 'Bandwidth' (likely to be very inaccurate)
[2017.05.21-04.49.17:427][416]LogSynthBenchmark:Display:          ... 7.593 s/GigaVert, Confidence=11% 'VertThroughPut1' (likely to be very inaccurate)
[2017.05.21-04.49.17:428][416]LogSynthBenchmark:Display:          ... 0.319 s/GigaVert, Confidence=81% 'VertThroughPut2' (likely to be very inaccurate)
[2017.05.21-04.49.17:823][416]LogSynthBenchmark:Display:   GPU second test: 0.29s
[2017.05.21-04.49.17:823][416]LogSynthBenchmark:Display:          ... 0.230 s/GigaPix, Confidence=19% 'ALUHeavyNoise' (likely to be inaccurate)
[2017.05.21-04.49.17:823][416]LogSynthBenchmark:Display:          ... 0.367 s/GigaPix, Confidence=30% 'TexHeavy' (likely to be inaccurate)
[2017.05.21-04.49.17:823][416]LogSynthBenchmark:Display:          ... 0.352 s/GigaPix, Confidence=30% 'DepTexHeavy' (likely to be inaccurate)
[2017.05.21-04.49.17:823][416]LogSynthBenchmark:Display:          ... 1.975 s/GigaPix, Confidence=30% 'FillOnly' (likely to be inaccurate)
[2017.05.21-04.49.17:823][416]LogSynthBenchmark:Display:          ... 0.057 s/GigaPix, Confidence=30% 'Bandwidth' (likely to be inaccurate)
[2017.05.21-04.49.17:823][416]LogSynthBenchmark:Display:          ... 0.341 s/GigaVert, Confidence=100% 'VertThroughPut1' (likely to be inaccurate)
[2017.05.21-04.49.17:823][416]LogSynthBenchmark:Display:          ... 0.204 s/GigaVert, Confidence=30% 'VertThroughPut2' (likely to be inaccurate)
[2017.05.21-04.49.17:823][416]LogSynthBenchmark:Display:   GPU Final Results:
[2017.05.21-04.49.17:823][416]LogSynthBenchmark:Display:          ... 0.230 s/GigaPix, Confidence=19% 'ALUHeavyNoise'
[2017.05.21-04.49.17:823][416]LogSynthBenchmark:Display:          ... 0.367 s/GigaPix, Confidence=30% 'TexHeavy'
[2017.05.21-04.49.17:823][416]LogSynthBenchmark:Display:          ... 0.352 s/GigaPix, Confidence=30% 'DepTexHeavy'
[2017.05.21-04.49.17:823][416]LogSynthBenchmark:Display:          ... 1.975 s/GigaPix, Confidence=30% 'FillOnly'
[2017.05.21-04.49.17:823][416]LogSynthBenchmark:Display:          ... 0.057 s/GigaPix, Confidence=30% 'Bandwidth'
[2017.05.21-04.49.17:823][416]LogSynthBenchmark:Display:          ... 0.341 s/GigaVert, Confidence=100% 'VertThroughPut1'
[2017.05.21-04.49.17:823][416]LogSynthBenchmark:Display:          ... 0.204 s/GigaVert, Confidence=30% 'VertThroughPut2'
[2017.05.21-04.49.17:823][416]LogSynthBenchmark:Display: 
[2017.05.21-04.49.17:823][416]LogSynthBenchmark:Display:   GPU Perf Index 0: 5.0 (weight 1.00)
[2017.05.21-04.49.17:823][416]LogSynthBenchmark:Display:   GPU Perf Index 1: 4.9 (weight 0.10)
[2017.05.21-04.49.17:823][416]LogSynthBenchmark:Display:   GPU Perf Index 2: 9.2 (weight 0.10)
[2017.05.21-04.49.17:823][416]LogSynthBenchmark:Display:   GPU Perf Index 3: 7.8 (weight 3.00)
[2017.05.21-04.49.17:823][416]LogSynthBenchmark:Display:   GPU Perf Index 4: 5.4 (weight 1.00)
[2017.05.21-04.49.17:823][416]LogSynthBenchmark:Display:   GPU Perf Index 5: 22.2 (weight 0.00)
[2017.05.21-04.49.17:823][416]LogSynthBenchmark:Display:   GPU Perf Index 6: 11.5 (weight 0.00)
[2017.05.21-04.49.17:842][416]LogSynthBenchmark:Display:   CPUIndex: 106.3
[2017.05.21-04.49.17:842][416]LogSynthBenchmark:Display:   GPUIndex: 6.7
[2017.05.21-04.49.17:842][416]LogSynthBenchmark:Display: 
[2017.05.21-04.49.17:842][416]LogSynthBenchmark:Display:          ... Total Time: 0.851068 sec
[2017.05.21-04.50.19:503][776]LogWindowsTextInputMethodSystem:Display: IME system now deactivated.
[2017.05.21-04.50.19:503][776]LogWindowsTextInputMethodSystem:Display: IME system now deactivated.
[2017.05.21-04.50.20:561][777]Cmd: QUIT_EDITOR
[2017.05.21-04.50.21:909][777]LogExit: Preparing to exit.
[2017.05.21-04.50.23:644][777]LogExit: Editor shut down
[2017.05.21-04.50.23:645][777]LogExit: Transaction tracking system shut down
[2017.05.21-04.50.25:449][777]LogObj: Freed 0b from 0 cluster array pools.
[2017.05.21-04.50.25:449][777]LogExit: Object subsystem successfully closed.
[2017.05.21-04.50.25:669][777]LogD3D11RHI: Shutdown
[2017.05.21-04.50.25:669][777]LogD3D11RHI: CleanupD3DDevice
[2017.05.21-04.50.25:890][777]LogD3D11RHI: ~FD3D11DynamicRHI
[2017.05.21-04.50.26:802][777]LogModuleManager: Shutting down and abandoning module SynthBenchmark (504)
[2017.05.21-04.50.26:802][777]LogModuleManager: Shutting down and abandoning module MovieSceneCapture (502)
[2017.05.21-04.50.26:802][777]LogModuleManager: Shutting down and abandoning module HierarchicalLODOutliner (500)
[2017.05.21-04.50.26:817][777]LogModuleManager: Shutting down and abandoning module CrashTracker (498)
[2017.05.21-04.50.26:817][777]LogModuleManager: Shutting down and abandoning module SceneOutliner (496)
[2017.05.21-04.50.26:817][777]LogModuleManager: Shutting down and abandoning module AddContentDialog (494)
[2017.05.21-04.50.26:838][777]LogDirectoryWatcher: A directory notification for 'D:/Program Files/Epic Games/UE_4.15/FeaturePacks/' was aborted.
[2017.05.21-04.50.26:861][777]LogModuleManager: Shutting down and abandoning module WidgetCarousel (493)
[2017.05.21-04.50.26:861][777]LogModuleManager: Shutting down and abandoning module EditorWidgets (490)
[2017.05.21-04.50.26:861][777]LogModuleManager: Shutting down and abandoning module CollectionManager (488)
[2017.05.21-04.50.26:899][777]LogDirectoryWatcher: A directory notification for 'E:/Bootcamp stuff/DOCUMENTS/Unreal Projects/Escape/Content/Collections/' was aborted.
[2017.05.21-04.50.26:899][777]LogDirectoryWatcher: A directory notification for 'E:/Bootcamp stuff/DOCUMENTS/Unreal Projects/Escape/Content/Developers/AudCavalier/Collections/' was aborted.
[2017.05.21-04.50.26:899][777]LogDirectoryWatcher: A directory notification for 'E:/Bootcamp stuff/DOCUMENTS/Unreal Projects/Escape/Saved/Collections/' was aborted.
[2017.05.21-04.50.26:900][777]LogModuleManager: Shutting down and abandoning module StatsViewer (486)
[2017.05.21-04.50.26:919][777]LogModuleManager: Shutting down and abandoning module FoliageEdit (484)
[2017.05.21-04.50.26:919][777]LogModuleManager: Shutting down and abandoning module LandscapeEditor (482)
[2017.05.21-04.50.26:946][777]LogModuleManager: Shutting down and abandoning module SceneDepthPickerMode (480)
[2017.05.21-04.50.26:946][777]LogModuleManager: Shutting down and abandoning module ActorPickerMode (478)
[2017.05.21-04.50.26:946][777]LogModuleManager: Shutting down and abandoning module GeometryMode (476)
[2017.05.21-04.50.26:946][777]LogModuleManager: Shutting down and abandoning module TextureAlignMode (474)
[2017.05.21-04.50.26:946][777]LogModuleManager: Shutting down and abandoning module BspMode (472)
[2017.05.21-04.50.26:961][777]LogModuleManager: Shutting down and abandoning module HardwareSurvey (470)
[2017.05.21-04.50.26:961][777]LogModuleManager: Shutting down and abandoning module SequenceRecorderSections (468)
[2017.05.21-04.50.26:961][777]LogModuleManager: Shutting down and abandoning module AutomationWorker (466)
[2017.05.21-04.50.26:974][777]LogModuleManager: Shutting down and abandoning module MatineeToLevelSequence (464)
[2017.05.21-04.50.26:974][777]LogModuleManager: Shutting down and abandoning module LevelSequenceEditor (462)
[2017.05.21-04.50.27:035][777]LogModuleManager: Shutting down and abandoning module PlacementMode (461)
[2017.05.21-04.50.27:035][777]LogModuleManager: Shutting down and abandoning module WmfMediaFactory (458)
[2017.05.21-04.50.27:035][777]LogModuleManager: Shutting down and abandoning module WmfMediaEditor (456)
[2017.05.21-04.50.27:035][777]LogModuleManager: Shutting down and abandoning module MfMediaFactory (454)
[2017.05.21-04.50.27:035][777]LogModuleManager: Shutting down and abandoning module MfMediaEditor (452)
[2017.05.21-04.50.27:035][777]LogModuleManager: Shutting down and abandoning module AvfMediaFactory (450)
[2017.05.21-04.50.27:035][777]LogModuleManager: Shutting down and abandoning module AvfMediaEditor (448)
[2017.05.21-04.50.27:035][777]LogModuleManager: Shutting down and abandoning module AndroidMediaFactory (446)
[2017.05.21-04.50.27:035][777]LogModuleManager: Shutting down and abandoning module Media (445)
[2017.05.21-04.50.27:035][777]LogModuleManager: Shutting down and abandoning module AndroidMediaEditor (442)
[2017.05.21-04.50.27:035][777]LogModuleManager: Shutting down and abandoning module CharacterAI (440)
[2017.05.21-04.50.27:035][777]LogModuleManager: Shutting down and abandoning module AudioCapture (438)
[2017.05.21-04.50.27:035][777]LogModuleManager: Shutting down and abandoning module SequenceRecorder (437)
[2017.05.21-04.50.27:094][777]LogModuleManager: Shutting down and abandoning module SmartSnapping (434)
[2017.05.21-04.50.27:094][777]LogModuleManager: Shutting down and abandoning module SessionServices (432)
[2017.05.21-04.50.27:094][777]LogModuleManager: Shutting down and abandoning module ViewportSnapping (430)
[2017.05.21-04.50.27:094][777]LogModuleManager: Shutting down and abandoning module ViewportInteraction (428)
[2017.05.21-04.50.27:094][777]LogModuleManager: Shutting down and abandoning module LogVisualizer (426)
[2017.05.21-04.50.27:127][777]LogModuleManager: Shutting down and abandoning module IntroTutorials (424)
[2017.05.21-04.50.27:143][777]LogModuleManager: Shutting down and abandoning module GameProjectGeneration (423)
[2017.05.21-04.50.27:177][777]LogModuleManager: Shutting down and abandoning module EditorLiveStreaming (420)
[2017.05.21-04.50.27:177][777]LogModuleManager: Shutting down and abandoning module IOSPlatformEditor (418)
[2017.05.21-04.50.27:177][777]LogModuleManager: Shutting down and abandoning module HTML5PlatformEditor (416)
[2017.05.21-04.50.27:177][777]LogModuleManager: Shutting down and abandoning module AndroidPlatformEditor (414)
[2017.05.21-04.50.27:187][777]LogModuleManager: Shutting down and abandoning module AndroidDeviceDetection (413)
[2017.05.21-04.50.27:875][777]LogModuleManager: Shutting down and abandoning module IOSRuntimeSettings (410)
[2017.05.21-04.50.27:875][777]LogModuleManager: Shutting down and abandoning module AndroidRuntimeSettings (408)
[2017.05.21-04.50.27:875][777]LogModuleManager: Shutting down and abandoning module InputBindingEditor (406)
[2017.05.21-04.50.27:980][777]LogModuleManager: Shutting down and abandoning module NiagaraEditor (404)
[2017.05.21-04.50.28:035][777]LogModuleManager: Shutting down and abandoning module MergeActors (402)
[2017.05.21-04.50.28:057][777]LogModuleManager: Shutting down and abandoning module SizeMap (400)
[2017.05.21-04.50.28:057][777]LogModuleManager: Shutting down and abandoning module TreeMap (398)
[2017.05.21-04.50.28:080][777]LogModuleManager: Shutting down and abandoning module ReferenceViewer (396)
[2017.05.21-04.50.28:080][777]LogModuleManager: Shutting down and abandoning module LocalizationDashboard (394)
[2017.05.21-04.50.28:100][777]LogModuleManager: Shutting down and abandoning module LocalizationService (393)
[2017.05.21-04.50.28:118][777]LogModuleManager: Shutting down and abandoning module HardwareTargeting (390)
[2017.05.21-04.50.28:122][777]LogModuleManager: Shutting down and abandoning module DeviceProfileEditor (388)
[2017.05.21-04.50.28:127][777]LogModuleManager: Shutting down and abandoning module UndoHistory (386)
[2017.05.21-04.50.28:132][777]LogModuleManager: Shutting down and abandoning module UserFeedback (384)
[2017.05.21-04.50.28:132][777]LogModuleManager: Shutting down and abandoning module XmlParser (382)
[2017.05.21-04.50.28:132][777]LogModuleManager: Shutting down and abandoning module Blutility (380)
[2017.05.21-04.50.28:142][777]LogModuleManager: Shutting down and abandoning module ProjectSettingsViewer (378)
[2017.05.21-04.50.28:142][777]LogModuleManager: Shutting down and abandoning module ProjectTargetPlatformEditor (377)
[2017.05.21-04.50.28:142][777]LogModuleManager: Shutting down and abandoning module EditorSettingsViewer (374)
[2017.05.21-04.50.28:143][777]LogModuleManager: Shutting down and abandoning module SettingsEditor (372)
[2017.05.21-04.50.28:173][777]LogModuleManager: Shutting down and abandoning module ProjectLauncher (370)
[2017.05.21-04.50.28:195][777]LogModuleManager: Shutting down and abandoning module SessionFrontend (368)
[2017.05.21-04.50.28:216][777]LogModuleManager: Shutting down and abandoning module ProfilerClient (366)
[2017.05.21-04.50.28:244][777]LogModuleManager: Shutting down and abandoning module DeviceManager (364)
[2017.05.21-04.50.28:273][777]LogModuleManager: Shutting down and abandoning module TargetDeviceServices (363)
[2017.05.21-04.50.28:318][777]LogModuleManager: Shutting down and abandoning module AutomationController (360)
[2017.05.21-04.50.28:363][777]LogModuleManager: Shutting down and abandoning module AutomationWindow (358)
[2017.05.21-04.50.28:394][777]LogModuleManager: Shutting down and abandoning module Layers (356)
[2017.05.21-04.50.28:464][777]LogModuleManager: Shutting down and abandoning module ComponentVisualizers (354)
[2017.05.21-04.50.28:464][777]LogModuleManager: Shutting down and abandoning module DetailCustomizations (352)
[2017.05.21-04.50.28:473][777]LogModuleManager: Shutting down and abandoning module PackagesDialog (350)
[2017.05.21-04.50.28:519][777]LogModuleManager: Shutting down and abandoning module Persona (348)
[2017.05.21-04.50.28:552][777]LogModuleManager: Shutting down and abandoning module AnimGraph (347)
[2017.05.21-04.50.28:552][777]LogModuleManager: Shutting down and abandoning module Kismet (344)
[2017.05.21-04.50.28:581][777]LogModuleManager: Shutting down and abandoning module GraphEditor (342)
[2017.05.21-04.50.28:653][777]LogModuleManager: Shutting down and abandoning module ClassViewer (340)
[2017.05.21-04.50.28:654][777]LogModuleManager: Shutting down and abandoning module Toolbox (338)
[2017.05.21-04.50.28:654][777]LogModuleManager: Shutting down and abandoning module ModuleUI (336)
[2017.05.21-04.50.28:686][777]LogModuleManager: Shutting down and abandoning module MovieSceneTools (334)
[2017.05.21-04.50.28:691][777]LogModuleManager: Shutting down and abandoning module OutputLog (332)
[2017.05.21-04.50.28:700][777]LogModuleManager: Shutting down and abandoning module GammaUI (330)
[2017.05.21-04.50.28:713][777]LogModuleManager: Shutting down and abandoning module Documentation (328)
[2017.05.21-04.50.28:713][777]LogModuleManager: Shutting down and abandoning module Niagara (326)
[2017.05.21-04.50.28:713][777]LogModuleManager: Shutting down and abandoning module StreamingPauseRendering (324)
[2017.05.21-04.50.28:713][777]LogModuleManager: Shutting down and abandoning module AnalyticsET (322)
[2017.05.21-04.50.28:713][777]LogModuleManager: Shutting down and abandoning module PortalServices (320)
[2017.05.21-04.50.28:713][777]LogModuleManager: Shutting down and abandoning module PortalRpc (318)
[2017.05.21-04.50.28:713][777]LogModuleManager: Shutting down and abandoning module MessagingRpc (316)
[2017.05.21-04.50.28:713][777]LogModuleManager: Shutting down and abandoning module AIModule (314)
[2017.05.21-04.50.28:713][777]LogModuleManager: Shutting down and abandoning module GameplayDebugger (313)
[2017.05.21-04.50.28:726][777]LogModuleManager: Shutting down and abandoning module AITestSuite (311)
[2017.05.21-04.50.28:726][777]LogModuleManager: Shutting down and abandoning module ProfilerService (308)
[2017.05.21-04.50.28:904][777]LogModuleManager: Shutting down and abandoning module TaskGraph (306)
[2017.05.21-04.50.28:965][777]LogModuleManager: Shutting down and abandoning module SteamVRController (304)
[2017.05.21-04.50.28:965][777]LogModuleManager: Shutting down and abandoning module SteamVR (302)
[2017.05.21-04.50.28:965][777]LogModuleManager: Shutting down and abandoning module ProceduralMeshComponentEditor (300)
[2017.05.21-04.50.28:965][777]LogModuleManager: Shutting down and abandoning module ProceduralMeshComponent (298)
[2017.05.21-04.50.28:975][777]LogModuleManager: Shutting down and abandoning module OculusLibrary (296)
[2017.05.21-04.50.28:975][777]LogModuleManager: Shutting down and abandoning module OculusInput (294)
[2017.05.21-04.50.28:975][777]LogModuleManager: Shutting down and abandoning module MobilePatchingUtils (292)
[2017.05.21-04.50.28:975][777]LogModuleManager: Shutting down and abandoning module CustomMeshComponent (290)
[2017.05.21-04.50.28:975][777]LogModuleManager: Shutting down and abandoning module CableComponent (288)
[2017.05.21-04.50.28:975][777]LogModuleManager: Shutting down and abandoning module ArchVisCharacter (286)
[2017.05.21-04.50.28:975][777]LogModuleManager: Shutting down and abandoning module MediaPlayerEditor (282)
[2017.05.21-04.50.29:035][777]LogModuleManager: Shutting down and abandoning module HTML5Networking (280)
[2017.05.21-04.50.29:035][777]LogModuleManager: Shutting down and abandoning module AlembicImporter (278)
[2017.05.21-04.50.29:046][777]LogModuleManager: Shutting down and abandoning module AlembicLibrary (277)
[2017.05.21-04.50.29:046][777]LogModuleManager: Shutting down and abandoning module GeometryCache (276)
[2017.05.21-04.50.29:046][777]LogModuleManager: Shutting down and abandoning module GeometryCacheEd (275)
[2017.05.21-04.50.29:046][777]LogModuleManager: Shutting down and abandoning module SuperSearchEditor (270)
[2017.05.21-04.50.29:046][777]LogModuleManager: Shutting down and abandoning module SuperSearch (269)
[2017.05.21-04.50.29:047][777]LogModuleManager: Shutting down and abandoning module SpeedTreeImporter (266)
[2017.05.21-04.50.29:047][777]LogModuleManager: Shutting down and abandoning module PluginBrowser (264)
[2017.05.21-04.50.29:064][777]LogModuleManager: Shutting down and abandoning module MobileLauncherProfileWizard (262)
[2017.05.21-04.50.29:079][777]LogModuleManager: Shutting down and abandoning module EpicSurvey (260)
[2017.05.21-04.50.29:079][777]LogModuleManager: Shutting down and abandoning module VisualStudioSourceCodeAccess (258)
[2017.05.21-04.50.29:079][777]LogModuleManager: Shutting down and abandoning module DesktopPlatform (257)
[2017.05.21-04.50.29:085][777]LogModuleManager: Shutting down and abandoning module UObjectPlugin (254)
[2017.05.21-04.50.29:085][777]LogModuleManager: Shutting down and abandoning module SubversionSourceControl (252)
[2017.05.21-04.50.29:093][777]LogModuleManager: Shutting down and abandoning module PerforceSourceControl (250)
[2017.05.21-04.50.29:129][777]LogModuleManager: Shutting down and abandoning module GitSourceControl (248)
[2017.05.21-04.50.29:136][777]LogModuleManager: Shutting down and abandoning module SourceControl (247)
[2017.05.21-04.50.29:143][777]LogModuleManager: Shutting down and abandoning module LightPropagationVolumeEditor (244)
[2017.05.21-04.50.29:143][777]LogModuleManager: Shutting down and abandoning module PaperTiledImporter (242)
[2017.05.21-04.50.29:143][777]LogModuleManager: Shutting down and abandoning module PaperSpriteSheetImporter (240)
[2017.05.21-04.50.29:143][777]LogModuleManager: Shutting down and abandoning module Paper2DEditor (238)
[2017.05.21-04.50.29:169][777]LogModuleManager: Shutting down and abandoning module MeshPaint (237)
[2017.05.21-04.50.29:184][777]LogModuleManager: Shutting down and abandoning module LevelEditor (235)
[2017.05.21-04.50.29:203][777]LogModuleManager: Shutting down and abandoning module PixelInspectorModule (234)
[2017.05.21-04.50.29:223][777]LogModuleManager: Shutting down and abandoning module MainFrame (232)
[2017.05.21-04.50.29:223][777]LogModuleManager: Shutting down and abandoning module HotReload (231)
[2017.05.21-04.50.29:234][777]LogDirectoryWatcher: A directory notification for 'E:/Bootcamp stuff/DOCUMENTS/Unreal Projects/Escape/Binaries/Win64' was aborted.
[2017.05.21-04.50.29:255][777]LogModuleManager: Shutting down and abandoning module ContentBrowser (227)
[2017.05.21-04.50.29:256][777]LogModuleManager: Shutting down and abandoning module Escape (224)
[2017.05.21-04.50.29:256][777]LogModuleManager: Shutting down and abandoning module PhysXVehiclesEditor (222)
[2017.05.21-04.50.29:261][777]LogModuleManager: Shutting down and abandoning module PhysXVehicles (220)
[2017.05.21-04.50.29:261][777]LogModuleManager: Shutting down and abandoning module LocationServicesBPLibrary (218)
[2017.05.21-04.50.29:261][777]LogModuleManager: Shutting down and abandoning module UdpMessaging (216)
[2017.05.21-04.50.29:361][777]LogModuleManager: Shutting down and abandoning module TcpMessaging (214)
[2017.05.21-04.50.29:474][777]LogModuleManager: Shutting down and abandoning module GameplayTagsEditor (212)
[2017.05.21-04.50.29:494][777]LogModuleManager: Shutting down and abandoning module FacialAnimationEditor (210)
[2017.05.21-04.50.29:503][777]LogModuleManager: Shutting down and abandoning module FacialAnimation (208)
[2017.05.21-04.50.29:503][777]LogModuleManager: Shutting down and abandoning module LightPropagationVolumeRuntime (206)
[2017.05.21-04.50.29:503][777]LogModuleManager: Shutting down and abandoning module Paper2D (204)
[2017.05.21-04.50.29:517][777]LogModuleManager: Shutting down and abandoning module WindowsMoviePlayer (202)
[2017.05.21-04.50.29:517][777]LogModuleManager: Shutting down and abandoning module WmfMedia (200)
[2017.05.21-04.50.29:517][777]LogModuleManager: Shutting down and abandoning module MfMedia (198)
[2017.05.21-04.50.29:517][777]LogModuleManager: Shutting down and abandoning module MediaAssets (196)
[2017.05.21-04.50.29:517][777]LogModuleManager: Shutting down and abandoning module GameLiveStreaming (194)
[2017.05.21-04.50.29:527][777]LogModuleManager: Shutting down and abandoning module VREditor (192)
[2017.05.21-04.50.29:527][777]LogModuleManager: Shutting down and abandoning module GameplayTasksEditor (190)
[2017.05.21-04.50.29:527][777]LogModuleManager: Shutting down and abandoning module BehaviorTreeEditor (188)
[2017.05.21-04.50.29:579][777]LogModuleManager: Shutting down and abandoning module FunctionalTesting (186)
[2017.05.21-04.50.29:586][777]LogModuleManager: Shutting down and abandoning module CollisionAnalyzer (184)
[2017.05.21-04.50.29:596][777]LogModuleManager: Shutting down and abandoning module UMG (182)
[2017.05.21-04.50.29:626][777]LogModuleManager: Shutting down and abandoning module UMGEditor (181)
[2017.05.21-04.50.29:687][777]LogModuleManager: Shutting down and abandoning module Sequencer (180)
[2017.05.21-04.50.29:714][777]LogModuleManager: Shutting down and abandoning module AssetTools (178)
[2017.05.21-04.50.29:776][777]LogModuleManager: Shutting down and abandoning module MessageLog (177)
[2017.05.21-04.50.29:791][777]LogModuleManager: Shutting down and abandoning module WorkspaceMenuStructure (176)
[2017.05.21-04.50.29:791][777]LogModuleManager: Shutting down and abandoning module SlateReflector (170)
[2017.05.21-04.50.29:814][777]LogModuleManager: Shutting down and abandoning module Slate (168)
[2017.05.21-04.50.29:814][777]LogModuleManager: Shutting down and abandoning module EditorStyle (166)
[2017.05.21-04.50.29:821][777]LogModuleManager: Shutting down and abandoning module SourceCodeAccess (164)
[2017.05.21-04.50.29:821][777]LogModuleManager: Shutting down and abandoning module HeadMountedDisplay (162)
[2017.05.21-04.50.29:821][777]LogModuleManager: Shutting down and abandoning module XAudio2 (160)
[2017.05.21-04.50.29:821][777]LogModuleManager: Shutting down and abandoning module Networking (158)
[2017.05.21-04.50.29:821][777]LogModuleManager: Shutting down and abandoning module Core (154)
[2017.05.21-04.50.29:821][777]LogModuleManager: Shutting down and abandoning module AssetRegistry (152)
[2017.05.21-04.50.30:266][777]LogDirectoryWatcher: A directory notification for '../../../Engine/Content/' was aborted.
[2017.05.21-04.50.30:266][777]LogDirectoryWatcher: A directory notification for 'E:/Bootcamp stuff/DOCUMENTS/Unreal Projects/Escape/Content/' was aborted.
[2017.05.21-04.50.30:266][777]LogDirectoryWatcher: A directory notification for '../../../Engine/Plugins/2D/Paper2D/Content/' was aborted.
[2017.05.21-04.50.30:274][777]LogModuleManager: Shutting down and abandoning module DirectoryWatcher (151)
[2017.05.21-04.50.30:276][777]LogModuleManager: Shutting down and abandoning module KismetCompiler (148)
[2017.05.21-04.50.30:276][777]LogModuleManager: Shutting down and abandoning module PhysXFormats (146)
[2017.05.21-04.50.30:276][777]LogModuleManager: Shutting down and abandoning module MeshUtilities (144)
[2017.05.21-04.50.30:300][777]LogModuleManager: Shutting down and abandoning module SimplygonSwarm (143)
[2017.05.21-04.50.30:332][777]LogModuleManager: Shutting down and abandoning module SimplygonMeshReduction (141)
[2017.05.21-04.50.30:332][777]LogModuleManager: Shutting down and abandoning module QuadricMeshReduction (139)
[2017.05.21-04.50.30:332][777]LogModuleManager: Shutting down and abandoning module PropertyEditor (137)
[2017.05.21-04.50.30:332][777]LogModuleManager: Shutting down and abandoning module DerivedDataCache (134)
[2017.05.21-04.50.30:388][777]LogDerivedDataCache: Shutdown
[2017.05.21-04.50.30:388][777]LogModuleManager: Shutting down and abandoning module TargetPlatform (132)
[2017.05.21-04.50.30:388][777]LogModuleManager: Shutting down and abandoning module VulkanShaderFormat (131)
[2017.05.21-04.50.30:401][777]LogModuleManager: Shutting down and abandoning module ShaderFormatOpenGL (129)
[2017.05.21-04.50.30:440][777]LogModuleManager: Shutting down and abandoning module ShaderFormatD3D (127)
[2017.05.21-04.50.30:440][777]LogModuleManager: Shutting down and abandoning module MetalShaderFormat (125)
[2017.05.21-04.50.30:451][777]LogModuleManager: Shutting down and abandoning module TextureFormatUncompressed (123)
[2017.05.21-04.50.30:451][777]LogModuleManager: Shutting down and abandoning module TextureFormatPVR (121)
[2017.05.21-04.50.30:451][777]LogModuleManager: Shutting down and abandoning module TextureFormatDXT (119)
[2017.05.21-04.50.30:451][777]LogModuleManager: Shutting down and abandoning module TextureFormatIntelISPCTexComp (117)
[2017.05.21-04.50.30:452][777]LogModuleManager: Shutting down and abandoning module TextureFormatASTC (115)
[2017.05.21-04.50.30:452][777]LogModuleManager: Shutting down and abandoning module ImageWrapper (114)
[2017.05.21-04.50.30:452][777]LogModuleManager: Shutting down and abandoning module TextureFormatAndroid (111)
[2017.05.21-04.50.30:452][777]LogModuleManager: Shutting down and abandoning module AudioFormatOpus (109)
[2017.05.21-04.50.30:458][777]LogModuleManager: Shutting down and abandoning module AudioFormatOgg (107)
[2017.05.21-04.50.30:458][777]LogModuleManager: Shutting down and abandoning module AudioFormatADPCM (105)
[2017.05.21-04.50.30:458][777]LogModuleManager: Shutting down and abandoning module LinuxTargetPlatform (103)
[2017.05.21-04.50.30:458][777]LogModuleManager: Shutting down and abandoning module LinuxServerTargetPlatform (101)
[2017.05.21-04.50.30:458][777]LogModuleManager: Shutting down and abandoning module LinuxNoEditorTargetPlatform (99)
[2017.05.21-04.50.30:458][777]LogModuleManager: Shutting down and abandoning module LinuxClientTargetPlatform (97)
[2017.05.21-04.50.30:458][777]LogModuleManager: Shutting down and abandoning module TVOSTargetPlatform (95)
[2017.05.21-04.50.30:458][777]LogModuleManager: Shutting down and abandoning module Messaging (93)
[2017.05.21-04.50.30:458][777]LogModuleManager: Shutting down and abandoning module IOSTargetPlatform (91)
[2017.05.21-04.50.30:458][777]LogModuleManager: Shutting down and abandoning module HTML5TargetPlatform (89)
[2017.05.21-04.50.30:458][777]LogModuleManager: Shutting down and abandoning module Android_PVRTCTargetPlatform (87)
[2017.05.21-04.50.30:458][777]LogModuleManager: Shutting down and abandoning module Android_MultiTargetPlatform (85)
[2017.05.21-04.50.30:458][777]LogModuleManager: Shutting down and abandoning module Android_ETC2TargetPlatform (83)
[2017.05.21-04.50.30:458][777]LogModuleManager: Shutting down and abandoning module Android_ETC1TargetPlatform (81)
[2017.05.21-04.50.30:458][777]LogModuleManager: Shutting down and abandoning module Android_DXTTargetPlatform (79)
[2017.05.21-04.50.30:458][777]LogModuleManager: Shutting down and abandoning module Android_ATCTargetPlatform (77)
[2017.05.21-04.50.30:458][777]LogModuleManager: Shutting down and abandoning module Android_ASTCTargetPlatform (75)
[2017.05.21-04.50.30:458][777]LogModuleManager: Shutting down and abandoning module AndroidTargetPlatform (73)
[2017.05.21-04.50.30:458][777]LogModuleManager: Shutting down and abandoning module WindowsTargetPlatform (71)
[2017.05.21-04.50.30:458][777]LogModuleManager: Shutting down and abandoning module WindowsServerTargetPlatform (69)
[2017.05.21-04.50.30:458][777]LogModuleManager: Shutting down and abandoning module WindowsNoEditorTargetPlatform (67)
[2017.05.21-04.50.30:458][777]LogModuleManager: Shutting down and abandoning module WindowsClientTargetPlatform (65)
[2017.05.21-04.50.30:458][777]LogModuleManager: Shutting down and abandoning module MacTargetPlatform (63)
[2017.05.21-04.50.30:458][777]LogModuleManager: Shutting down and abandoning module MacServerTargetPlatform (61)
[2017.05.21-04.50.30:458][777]LogModuleManager: Shutting down and abandoning module MacNoEditorTargetPlatform (59)
[2017.05.21-04.50.30:458][777]LogModuleManager: Shutting down and abandoning module MacClientTargetPlatform (57)
[2017.05.21-04.50.30:458][777]LogModuleManager: Shutting down and abandoning module AllDesktopTargetPlatform (55)
[2017.05.21-04.50.30:458][777]LogModuleManager: Shutting down and abandoning module InputCore (52)
[2017.05.21-04.50.30:458][777]LogModuleManager: Shutting down and abandoning module Settings (50)
[2017.05.21-04.50.30:458][777]LogModuleManager: Shutting down and abandoning module OculusRift (48)
[2017.05.21-04.50.30:467][777]LogModuleManager: Shutting down and abandoning module GearVR (46)
[2017.05.21-04.50.30:467][777]LogModuleManager: Shutting down and abandoning module ExampleDeviceProfileSelector (44)
[2017.05.21-04.50.30:468][777]LogModuleManager: Shutting down and abandoning module OnlineBlueprintSupport (42)
[2017.05.21-04.50.30:468][777]LogModuleManager: Shutting down and abandoning module OnlineSubsystem (38)
[2017.05.21-04.50.30:468][777]LogOnline:Display: Unloading online subsystem: NULL
[2017.05.21-04.50.30:506][777]LogModuleManager: Shutting down and abandoning module XMPP (37)
[2017.05.21-04.50.30:524][777]LogModuleManager: Shutting down and abandoning module HTTP (35)
[2017.05.21-04.50.30:543][777]LogHttp:Display: Http module shutting down, but needs to wait on 1 outstanding Http requests:
[2017.05.21-04.50.30:543][777]LogHttp:Display: 	verb=[POST] url=[https://datarouter.ol.epicgames.com/datarouter/api/v1/public/data?SessionID=%7B08BC2BF6-4AC4-FCD9-99C7-E49BA3516981%7D&AppID=UEEditor.Rocket.Release&AppVersion=4.15.2-3416026%2B%2B%2BUE4%2BRelease-4.15&UserID=de702185488da1a047cc1e8adf240dd0%7Ce087e746e4994e6abc07a646ba1966d3%7C9f67394d-6475-4ee2-af62-0d99f13dfdff&AppEnvironment=datacollector-binary&UploadType=eteventstream] status=Processing
[2017.05.21-04.50.30:562][777]LogModuleManager: Shutting down and abandoning module SSL (34)
[2017.05.21-04.50.30:570][777]LogModuleManager: Shutting down and abandoning module AudioEditor (30)
[2017.05.21-04.50.30:584][777]LogModuleManager: Shutting down and abandoning module TextureCompressor (28)
[2017.05.21-04.50.30:584][777]LogModuleManager: Shutting down and abandoning module ShaderCore (26)
[2017.05.21-04.50.30:584][777]LogModuleManager: Shutting down and abandoning module Landscape (24)
[2017.05.21-04.50.30:584][777]LogModuleManager: Shutting down and abandoning module SlateRHIRenderer (22)
[2017.05.21-04.50.30:618][777]LogModuleManager: Shutting down and abandoning module OpenGLDrv (20)
[2017.05.21-04.50.30:625][777]LogModuleManager: Shutting down and abandoning module D3D11RHI (18)
[2017.05.21-04.50.30:625][777]LogModuleManager: Shutting down and abandoning module AnimGraphRuntime (16)
[2017.05.21-04.50.30:636][777]LogModuleManager: Shutting down and abandoning module Renderer (14)
[2017.05.21-04.50.30:637][777]LogModuleManager: Shutting down and abandoning module Engine (12)
[2017.05.21-04.50.30:637][777]LogModuleManager: Shutting down and abandoning module CoreUObject (10)
[2017.05.21-04.50.30:637][777]LogModuleManager: Shutting down and abandoning module NetworkFile (8)
[2017.05.21-04.50.30:637][777]LogModuleManager: Shutting down and abandoning module StreamingFile (6)
[2017.05.21-04.50.30:637][777]LogModuleManager: Shutting down and abandoning module SandboxFile (4)
[2017.05.21-04.50.30:637][777]LogModuleManager: Shutting down and abandoning module PakFile (2)
[2017.05.21-04.50.30:669][777]LogExit: Exiting.
[2017.05.21-04.50.30:746][777]Log file closed, 05/20/17 23:50:30
